<?xml version="1.0" encoding="UTF-8"?>
<!-- Generated by org.testng.reporters.JUnitXMLReporter -->
<testsuite ignored="0" hostname="DESKTOP-U686HAE" failures="0" tests="1" name="Checkout Test" time="0.138" errors="0" timestamp="2023-09-10T17:35:59 IST">
  <testcase classname="TLCAndroid.TLCBase" name="@BeforeClass ConfigureAppium" time="0.09">
    <failure type="java.lang.NullPointerException">
      <![CDATA[java.lang.NullPointerException
at java.base/java.io.FileOutputStream.<init>(FileOutputStream.java:226)
at java.base/java.io.FileOutputStream.<init>(FileOutputStream.java:184)
at org.openqa.selenium.remote.service.DriverService$Builder.getLogOutput(DriverService.java:448)
at org.openqa.selenium.remote.service.DriverService$Builder.build(DriverService.java:495)
at TLCAndroid.TLCBase.ConfigureAppium(TLCBase.java:25)
at java.base/java.util.ArrayList.forEach(ArrayList.java:1511)
... Removed 25 stack frames]]>
    </failure>
  </testcase> <!-- @BeforeClass ConfigureAppium -->
  <testcase classname="TLCAndroid.AppiumApp" name="AppiumTest" time="0.0">
    <skipped/>
  </testcase> <!-- AppiumTest -->
</testsuite> <!-- Checkout Test -->
