<?xml version="1.0" encoding="UTF-8"?>
<testng-results ignored="0" total="1" passed="1" failed="0" skipped="0">
  <reporter-output>
  </reporter-output>
  <suite started-at="2023-09-16T22:12:56 IST" name="Suite" finished-at="2023-09-16T22:14:08 IST" duration-ms="72613">
    <groups>
    </groups>
    <test started-at="2023-09-16T22:12:56 IST" name="Checkout Test" finished-at="2023-09-16T22:14:08 IST" duration-ms="72613">
      <class name="TLCAndroid.AppiumApp">
        <test-method is-config="true" signature="ConfigureAppium()[pri:0, instance:TLCAndroid.AppiumApp@3e58a80e]" started-at="2023-09-16T22:12:56 IST" name="ConfigureAppium" finished-at="2023-09-16T22:13:35 IST" duration-ms="39713" status="PASS">
          <reporter-output>
          </reporter-output>
        </test-method> <!-- ConfigureAppium -->
        <test-method signature="AppiumTest()[pri:0, instance:TLCAndroid.AppiumApp@3e58a80e]" started-at="2023-09-16T22:13:35 IST" name="AppiumTest" finished-at="2023-09-16T22:14:08 IST" duration-ms="32780" status="PASS">
          <reporter-output>
          </reporter-output>
        </test-method> <!-- AppiumTest -->
        <test-method is-config="true" signature="tearDown()[pri:0, instance:TLCAndroid.AppiumApp@3e58a80e]" started-at="2023-09-16T22:14:08 IST" name="tearDown" finished-at="2023-09-16T22:14:08 IST" duration-ms="67" status="PASS">
          <reporter-output>
          </reporter-output>
        </test-method> <!-- tearDown -->
      </class> <!-- TLCAndroid.AppiumApp -->
    </test> <!-- Checkout Test -->
  </suite> <!-- Suite -->
</testng-results>
