<?xml version="1.0" encoding="UTF-8"?>
<testsuite xmlns:xsi="http://www.w3.org/2001/XMLSchema-instance" xsi:noNamespaceSchemaLocation="https://maven.apache.org/surefire/maven-surefire-plugin/xsd/surefire-test-report-3.0.xsd" version="3.0" name="TestSuite" time="73.324" tests="1" errors="0" skipped="0" failures="0">
  <properties>
[...]
</properties>
  <testcase name="AppiumTest" classname="TLCAndroid.AppiumApp" time="32.781">
    <system-out><![CDATA[Server started at :http://0.0.0.0:4723/
Tried to attach logging to file 'C:\Users\TARANG\eclipse-workspace\AndroidAppium\AppiumLog.txt' but an error occurred: EBUSY: resource busy or locked, unlink 'C:\Users\TARANG\eclipse-workspace\AndroidAppium\AppiumLog.txt'
&amp#27;[35m[Appium]&amp#27;[39m Welcome to Appium v2.0.0-beta.66
&amp#27;[35m[Appium]&amp#27;[39m Non-default server args:
&amp#27;[35m[Appium]&amp#27;[39m { localTimezone: &amp#27;[33mtrue&amp#27;[39m }
&amp#27;[35m[Appium]&amp#27;[39m Attempting to load driver uiautomator2...
[debug] &amp#27;[35m[Appium]&amp#27;[39m Requiring driver at C:\Users\TARANG\.appium\node_modules\appium-uiautomator2-driver
&amp#27;[35m[Appium]&amp#27;[39m Appium REST http interface listener started on 0.0.0.0:4723
&amp#27;[35m[Appium]&amp#27;[39m Available drivers:
&amp#27;[35m[Appium]&amp#27;[39m   - uiautomator2@2.17.0 (automationName 'UiAutomator2')
&amp#27;[35m[Appium]&amp#27;[39m No plugins have been installed. Use the "appium plugin" command to install the one(s) you want to use.
&amp#27;[38;5;0m[HTTP]&amp#27;[0m &amp#27;[37m-->&amp#27;[39m &amp#27;[37mGET&amp#27;[39m &amp#27;[37m/status&amp#27;[39m
&amp#27;[38;5;0m[HTTP]&amp#27;[0m &amp#27;[90m{}&amp#27;[39m
[debug] &amp#27;[38;5;16m[AppiumDriver@93cf]&amp#27;[0m Calling AppiumDriver.getStatus() with args: []
[debug] &amp#27;[38;5;16m[AppiumDriver@93cf]&amp#27;[0m Responding to client with driver.getStatus() result: {"build":{"version":"2.0.0-beta.66"}}
&amp#27;[38;5;0m[HTTP]&amp#27;[0m &amp#27;[37m<-- GET /status &amp#27;[39m&amp#27;[32m200&amp#27;[39m &amp#27;[90m13 ms - 47&amp#27;[39m
&amp#27;[38;5;0m[HTTP]&amp#27;[0m &amp#27;[90m&amp#27;[39m
Server is Started.
[debug] &amp#27;[38;5;0m[HTTP]&amp#27;[0m Request idempotency key: 0d640f66-1434-400b-a315-e07cc3b26a48
&amp#27;[38;5;0m[HTTP]&amp#27;[0m &amp#27;[37m-->&amp#27;[39m &amp#27;[37mPOST&amp#27;[39m &amp#27;[37m/session&amp#27;[39m
&amp#27;[38;5;0m[HTTP]&amp#27;[0m &amp#27;[90m{"capabilities":{"firstMatch":[{}],"alwaysMatch":{"appium:app":"C:\\Users\\TARANG\\eclipse-workspace\\AndroidAppium\\src\\test\\java\\resources\\TLCAndroidQA.apk","appium:automationName":"UIAutomator2","appium:deviceName":"TLCAndroid","platformName":"ANDROID"}}}&amp#27;[39m
[debug] &amp#27;[38;5;16m[AppiumDriver@93cf]&amp#27;[0m Calling AppiumDriver.createSession() with args: [null,null,{"firstMatch":[{}],"alwaysMatch":{"appium:app":"C:\\Users\\TARANG\\eclipse-workspace\\AndroidAppium\\src\\test\\java\\resources\\TLCAndroidQA.apk","appium:automationName":"UIAutomator2","appium:deviceName":"TLCAndroid","platformName":"ANDROID"}}]
[debug] &amp#27;[38;5;16m[AppiumDriver@93cf]&amp#27;[0m Event 'newSessionRequested' logged at 1694882593549 (22:13:13 GMT+0530 (India Standard Time))
&amp#27;[35m[Appium]&amp#27;[39m Attempting to find matching driver for automationName 'UIAutomator2' and platformName 'ANDROID'
&amp#27;[35m[Appium]&amp#27;[39m The 'uiautomator2' driver was installed and matched caps.
&amp#27;[35m[Appium]&amp#27;[39m Will require it at C:\Users\TARANG\.appium\node_modules\appium-uiautomator2-driver
[debug] &amp#27;[35m[Appium]&amp#27;[39m Requiring driver at C:\Users\TARANG\.appium\node_modules\appium-uiautomator2-driver
&amp#27;[38;5;16m[AppiumDriver@93cf]&amp#27;[0m Appium v2.0.0-beta.66 creating new AndroidUiautomator2Driver (v2.17.0) session
&amp#27;[38;5;16m[AppiumDriver@93cf]&amp#27;[0m Checking BaseDriver versions for Appium and AndroidUiautomator2Driver
&amp#27;[38;5;16m[AppiumDriver@93cf]&amp#27;[0m Appium's BaseDriver version is 9.3.7
&amp#27;[38;5;16m[AppiumDriver@93cf]&amp#27;[0m AndroidUiautomator2Driver's BaseDriver version is 9.3.7
[debug] &amp#27;[38;5;32m[AndroidUiautomator2Driver@f9e0]&amp#27;[0m Creating session with W3C capabilities: {
[debug] &amp#27;[38;5;32m[AndroidUiautomator2Driver@f9e0]&amp#27;[0m   "alwaysMatch": {
[debug] &amp#27;[38;5;32m[AndroidUiautomator2Driver@f9e0]&amp#27;[0m     "platformName": "ANDROID",
[debug] &amp#27;[38;5;32m[AndroidUiautomator2Driver@f9e0]&amp#27;[0m     "appium:app": "C:\\Users\\TARANG\\eclipse-workspace\\AndroidAppium\\src\\test\\java\\resources\\TLCAndroidQA.apk",
[debug] &amp#27;[38;5;32m[AndroidUiautomator2Driver@f9e0]&amp#27;[0m     "appium:automationName": "UIAutomator2",
[debug] &amp#27;[38;5;32m[AndroidUiautomator2Driver@f9e0]&amp#27;[0m     "appium:deviceName": "TLCAndroid"
[debug] &amp#27;[38;5;32m[AndroidUiautomator2Driver@f9e0]&amp#27;[0m   },
[debug] &amp#27;[38;5;32m[AndroidUiautomator2Driver@f9e0]&amp#27;[0m   "firstMatch": [
[debug] &amp#27;[38;5;32m[AndroidUiautomator2Driver@f9e0]&amp#27;[0m     {}
[debug] &amp#27;[38;5;32m[AndroidUiautomator2Driver@f9e0]&amp#27;[0m   ]
[debug] &amp#27;[38;5;32m[AndroidUiautomator2Driver@f9e0]&amp#27;[0m }
&amp#27;[38;5;32m[AndroidUiautomator2Driver@f9e0 (72164045)]&amp#27;[0m Session created with session id: 72164045-70fb-4e06-8d8e-a77b3fc7562a
&amp#27;[38;5;48m[BaseDriver]&amp#27;[0m Using local app 'C:\Users\TARANG\eclipse-workspace\AndroidAppium\src\test\java\resources\TLCAndroidQA.apk'
[debug] &amp#27;[38;5;32m[AndroidUiautomator2Driver@f9e0 (72164045)]&amp#27;[0m Checking whether app is actually present
&amp#27;[38;5;64m[ADB]&amp#27;[0m Found 2 'build-tools' folders under 'C:\Users\TARANG\AppData\Local\Android\Sdk' (newest first):
&amp#27;[38;5;64m[ADB]&amp#27;[0m     C:/Users/TARANG/AppData/Local/Android/Sdk/build-tools/33.0.2
&amp#27;[38;5;64m[ADB]&amp#27;[0m     C:/Users/TARANG/AppData/Local/Android/Sdk/build-tools/30.0.3
&amp#27;[38;5;64m[ADB]&amp#27;[0m Using 'adb.exe' from 'C:\Users\TARANG\AppData\Local\Android\Sdk\platform-tools\adb.exe'
[debug] &amp#27;[38;5;64m[ADB]&amp#27;[0m Running 'C:\Users\TARANG\AppData\Local\Android\Sdk\platform-tools\adb.exe -P 5037 start-server'
&amp#27;[38;5;80m[AndroidDriver]&amp#27;[0m Retrieving device list
[debug] &amp#27;[38;5;64m[ADB]&amp#27;[0m Trying to find a connected android device
[debug] &amp#27;[38;5;64m[ADB]&amp#27;[0m Getting connected devices
[debug] &amp#27;[38;5;64m[ADB]&amp#27;[0m Connected devices: [{"udid":"emulator-5554","state":"device"}]
&amp#27;[38;5;80m[AndroidDriver]&amp#27;[0m Using device: emulator-5554
&amp#27;[38;5;64m[ADB]&amp#27;[0m Using 'adb.exe' from 'C:\Users\TARANG\AppData\Local\Android\Sdk\platform-tools\adb.exe'
[debug] &amp#27;[38;5;64m[ADB]&amp#27;[0m Running 'C:\Users\TARANG\AppData\Local\Android\Sdk\platform-tools\adb.exe -P 5037 start-server'
[debug] &amp#27;[38;5;64m[ADB]&amp#27;[0m Setting device id to emulator-5554
[debug] &amp#27;[38;5;64m[ADB]&amp#27;[0m Running 'C:\Users\TARANG\AppData\Local\Android\Sdk\platform-tools\adb.exe -P 5037 -s emulator-5554 shell getprop ro.build.version.sdk'
[debug] &amp#27;[38;5;64m[ADB]&amp#27;[0m Current device property 'ro.build.version.sdk': 33
&amp#27;[38;5;64m[ADB]&amp#27;[0m Getting device platform version
[debug] &amp#27;[38;5;64m[ADB]&amp#27;[0m Running 'C:\Users\TARANG\AppData\Local\Android\Sdk\platform-tools\adb.exe -P 5037 -s emulator-5554 shell getprop ro.build.version.release'
[debug] &amp#27;[38;5;64m[ADB]&amp#27;[0m Current device property 'ro.build.version.release': 13
[debug] &amp#27;[38;5;64m[ADB]&amp#27;[0m Device API level: 33
&amp#27;[38;5;32m[AndroidUiautomator2Driver@f9e0 (72164045)]&amp#27;[0m Relaxing hidden api policy
[debug] &amp#27;[38;5;64m[ADB]&amp#27;[0m Running 'C:\Users\TARANG\AppData\Local\Android\Sdk\platform-tools\adb.exe -P 5037 -s emulator-5554 shell 'settings put global hidden_api_policy_pre_p_apps 1;settings put global hidden_api_policy_p_apps 1;settings put global hidden_api_policy 1''
[debug] &amp#27;[38;5;80m[AndroidDriver]&amp#27;[0m Parsing package and activity from app manifest
&amp#27;[38;5;64m[ADB]&amp#27;[0m Package name: 'com.theluxurycloset.tclapplication'
&amp#27;[38;5;64m[ADB]&amp#27;[0m Main activity name: 'com.theluxurycloset.tclapplication.activity.SplashScreen.SplashActivity'
[debug] &amp#27;[38;5;80m[AndroidDriver]&amp#27;[0m Parsed package and activity are: com.theluxurycloset.tclapplication/com.theluxurycloset.tclapplication.activity.SplashScreen.SplashActivity
[debug] &amp#27;[38;5;64m[ADB]&amp#27;[0m Running 'C:\Users\TARANG\AppData\Local\Android\Sdk\platform-tools\adb.exe -P 5037 -s emulator-5554 wait-for-device'
[debug] &amp#27;[38;5;64m[ADB]&amp#27;[0m Running 'C:\Users\TARANG\AppData\Local\Android\Sdk\platform-tools\adb.exe -P 5037 -s emulator-5554 shell echo ping'
[debug] &amp#27;[38;5;80m[AndroidDriver]&amp#27;[0m Pushing settings apk to device...
[debug] &amp#27;[38;5;64m[ADB]&amp#27;[0m Getting install status for io.appium.settings
[debug] &amp#27;[38;5;64m[ADB]&amp#27;[0m Running 'C:\Users\TARANG\AppData\Local\Android\Sdk\platform-tools\adb.exe -P 5037 -s emulator-5554 shell dumpsys package io.appium.settings'
[debug] &amp#27;[38;5;64m[ADB]&amp#27;[0m 'io.appium.settings' is installed
[debug] &amp#27;[38;5;64m[ADB]&amp#27;[0m Getting package info for 'io.appium.settings'
[debug] &amp#27;[38;5;64m[ADB]&amp#27;[0m Running 'C:\Users\TARANG\AppData\Local\Android\Sdk\platform-tools\adb.exe -P 5037 -s emulator-5554 shell dumpsys package io.appium.settings'
[debug] &amp#27;[38;5;64m[ADB]&amp#27;[0m The version name of the installed 'io.appium.settings' is greater or equal to the application version name ('5.0.3' >= '5.0.3')
[debug] &amp#27;[38;5;64m[ADB]&amp#27;[0m There is no need to install/upgrade 'C:\Users\TARANG\.appium\node_modules\appium-uiautomator2-driver\node_modules\io.appium.settings\apks\settings_apk-debug.apk'
[debug] &amp#27;[38;5;64m[ADB]&amp#27;[0m Getting IDs of all 'io.appium.settings' processes
[debug] &amp#27;[38;5;64m[ADB]&amp#27;[0m Running 'C:\Users\TARANG\AppData\Local\Android\Sdk\platform-tools\adb.exe -P 5037 -s emulator-5554 shell 'pgrep --help; echo $?''
[debug] &amp#27;[38;5;64m[ADB]&amp#27;[0m Running 'C:\Users\TARANG\AppData\Local\Android\Sdk\platform-tools\adb.exe -P 5037 -s emulator-5554 shell pgrep -f \(\[\[:blank:\]\]\|\^\)io\.appium\.settings\(\[\[:blank:\]\]\|\$\)'
[debug] &amp#27;[38;5;80m[AndroidDriver]&amp#27;[0m io.appium.settings is already running. There is no need to reset its permissions.
[debug] &amp#27;[38;5;96m[Logcat]&amp#27;[0m Starting logs capture with command: C:\\Users\\TARANG\\AppData\\Local\\Android\\Sdk\\platform-tools\\adb.exe -P 5037 -s emulator-5554 logcat -v threadtime
[debug] &amp#27;[38;5;32m[AndroidUiautomator2Driver@f9e0 (72164045)]&amp#27;[0m Forwarding UiAutomator2 Server port 6790 to local port 8200
[debug] &amp#27;[38;5;64m[ADB]&amp#27;[0m Forwarding system: 8200 to device: 6790
[debug] &amp#27;[38;5;64m[ADB]&amp#27;[0m Running 'C:\Users\TARANG\AppData\Local\Android\Sdk\platform-tools\adb.exe -P 5037 -s emulator-5554 forward tcp:8200 tcp:6790'
[debug] &amp#27;[38;5;64m[ADB]&amp#27;[0m Getting install status for io.appium.uiautomator2.server
[debug] &amp#27;[38;5;64m[ADB]&amp#27;[0m Running 'C:\Users\TARANG\AppData\Local\Android\Sdk\platform-tools\adb.exe -P 5037 -s emulator-5554 shell dumpsys package io.appium.uiautomator2.server'
[debug] &amp#27;[38;5;64m[ADB]&amp#27;[0m 'io.appium.uiautomator2.server' is installed
[debug] &amp#27;[38;5;64m[ADB]&amp#27;[0m Getting package info for 'io.appium.uiautomator2.server'
[debug] &amp#27;[38;5;64m[ADB]&amp#27;[0m Running 'C:\Users\TARANG\AppData\Local\Android\Sdk\platform-tools\adb.exe -P 5037 -s emulator-5554 shell dumpsys package io.appium.uiautomator2.server'
[debug] &amp#27;[38;5;64m[ADB]&amp#27;[0m The version name of the installed 'io.appium.uiautomator2.server' is greater or equal to the application version name ('5.8.0' >= '5.8.0')
[debug] &amp#27;[38;5;32m[AndroidUiautomator2Driver@f9e0 (72164045)]&amp#27;[0m io.appium.uiautomator2.server installation state: sameVersionInstalled
[debug] &amp#27;[38;5;64m[ADB]&amp#27;[0m Checking app cert for C:\Users\TARANG\.appium\node_modules\appium-uiautomator2-driver\node_modules\appium-uiautomator2-server\apks\appium-uiautomator2-server-v5.8.0.apk
&amp#27;[38;5;64m[ADB]&amp#27;[0m Using 'apksigner.jar' from 'C:\Users\TARANG\AppData\Local\Android\Sdk\build-tools\33.0.2\lib\apksigner.jar'
[debug] &amp#27;[38;5;64m[ADB]&amp#27;[0m Starting apksigner: 'C:\\Program Files\\Java\\jdk-20\\bin\\java.exe' -Xmx1024M -Xss1m -jar C:\\Users\\TARANG\\AppData\\Local\\Android\\Sdk\\build-tools\\33.0.2\\lib\\apksigner.jar verify --print-certs C:\\Users\\TARANG\\.appium\\node_modules\\appium-uiautomator2-driver\\node_modules\\appium-uiautomator2-server\\apks\\appium-uiautomator2-server-v5.8.0.apk
[debug] &amp#27;[38;5;64m[ADB]&amp#27;[0m apksigner stdout: Signer #1 certificate DN: EMAILADDRESS=android@android.com, CN=Android, OU=Android, O=Android, L=Mountain View, ST=California, C=US
[debug] &amp#27;[38;5;64m[ADB]&amp#27;[0m Signer #1 certificate SHA-256 digest: a40da80a59d170caa950cf15c18c454d47a39b26989d8b640ecd745ba71bf5dc
[debug] &amp#27;[38;5;64m[ADB]&amp#27;[0m Signer #1 certificate SHA-1 digest: 61ed377e85d386a8dfee6b864bd85b0bfaa5af81
[debug] &amp#27;[38;5;64m[ADB]&amp#27;[0m Signer #1 certificate MD5 digest: e89b158e4bcf988ebd09eb83f5378e87
[debug] &amp#27;[38;5;64m[ADB]&amp#27;[0m 
[debug] &amp#27;[38;5;64m[ADB]&amp#27;[0m sha256 hash did match for 'appium-uiautomator2-server-v5.8.0.apk'
&amp#27;[38;5;64m[ADB]&amp#27;[0m 'C:\Users\TARANG\.appium\node_modules\appium-uiautomator2-driver\node_modules\appium-uiautomator2-server\apks\appium-uiautomator2-server-v5.8.0.apk' is signed with the default certificate
[debug] &amp#27;[38;5;64m[ADB]&amp#27;[0m Getting install status for io.appium.uiautomator2.server.test
[debug] &amp#27;[38;5;64m[ADB]&amp#27;[0m Running 'C:\Users\TARANG\AppData\Local\Android\Sdk\platform-tools\adb.exe -P 5037 -s emulator-5554 shell dumpsys package io.appium.uiautomator2.server.test'
[debug] &amp#27;[38;5;64m[ADB]&amp#27;[0m 'io.appium.uiautomator2.server.test' is installed
[debug] &amp#27;[38;5;64m[ADB]&amp#27;[0m Checking app cert for C:\Users\TARANG\.appium\node_modules\appium-uiautomator2-driver\node_modules\appium-uiautomator2-server\apks\appium-uiautomator2-server-debug-androidTest.apk
[debug] &amp#27;[38;5;64m[ADB]&amp#27;[0m Starting apksigner: 'C:\\Program Files\\Java\\jdk-20\\bin\\java.exe' -Xmx1024M -Xss1m -jar C:\\Users\\TARANG\\AppData\\Local\\Android\\Sdk\\build-tools\\33.0.2\\lib\\apksigner.jar verify --print-certs C:\\Users\\TARANG\\.appium\\node_modules\\appium-uiautomator2-driver\\node_modules\\appium-uiautomator2-server\\apks\\appium-uiautomator2-server-debug-androidTest.apk
[debug] &amp#27;[38;5;64m[ADB]&amp#27;[0m apksigner stdout: Signer #1 certificate DN: EMAILADDRESS=android@android.com, CN=Android, OU=Android, O=Android, L=Mountain View, ST=California, C=US
[debug] &amp#27;[38;5;64m[ADB]&amp#27;[0m Signer #1 certificate SHA-256 digest: a40da80a59d170caa950cf15c18c454d47a39b26989d8b640ecd745ba71bf5dc
[debug] &amp#27;[38;5;64m[ADB]&amp#27;[0m Signer #1 certificate SHA-1 digest: 61ed377e85d386a8dfee6b864bd85b0bfaa5af81
[debug] &amp#27;[38;5;64m[ADB]&amp#27;[0m Signer #1 certificate MD5 digest: e89b158e4bcf988ebd09eb83f5378e87
[debug] &amp#27;[38;5;64m[ADB]&amp#27;[0m 
[debug] &amp#27;[38;5;64m[ADB]&amp#27;[0m sha256 hash did match for 'appium-uiautomator2-server-debug-androidTest.apk'
&amp#27;[38;5;64m[ADB]&amp#27;[0m 'C:\Users\TARANG\.appium\node_modules\appium-uiautomator2-driver\node_modules\appium-uiautomator2-server\apks\appium-uiautomator2-server-debug-androidTest.apk' is signed with the default certificate
&amp#27;[38;5;32m[AndroidUiautomator2Driver@f9e0 (72164045)]&amp#27;[0m Server packages are not going to be (re)installed
[debug] &amp#27;[38;5;32m[AndroidUiautomator2Driver@f9e0 (72164045)]&amp#27;[0m Waiting up to 30000ms for services to be available
[debug] &amp#27;[38;5;64m[ADB]&amp#27;[0m Running 'C:\Users\TARANG\AppData\Local\Android\Sdk\platform-tools\adb.exe -P 5037 -s emulator-5554 shell pm list instrumentation'
[debug] &amp#27;[38;5;32m[AndroidUiautomator2Driver@f9e0 (72164045)]&amp#27;[0m Instrumentation target 'io.appium.uiautomator2.server.test/androidx.test.runner.AndroidJUnitRunner' is available
&amp#27;[38;5;64m[ADB]&amp#27;[0m Adding packages ["io.appium.settings","io.appium.uiautomator2.server","io.appium.uiautomator2.server.test"] to Doze whitelist
[debug] &amp#27;[38;5;64m[ADB]&amp#27;[0m Got the following command chunks to execute: [["dumpsys","deviceidle","whitelist","+io.appium.settings",";","dumpsys","deviceidle","whitelist","+io.appium.uiautomator2.server",";","dumpsys","deviceidle","whitelist","+io.appium.uiautomator2.server.test",";"]]
[debug] &amp#27;[38;5;64m[ADB]&amp#27;[0m Running 'C:\Users\TARANG\AppData\Local\Android\Sdk\platform-tools\adb.exe -P 5037 -s emulator-5554 shell dumpsys deviceidle whitelist +io.appium.settings ; dumpsys deviceidle whitelist +io.appium.uiautomator2.server ; dumpsys deviceidle whitelist +io.appium.uiautomator2.server.test ;'
[debug] &amp#27;[38;5;64m[ADB]&amp#27;[0m Checking app cert for C:\Users\TARANG\eclipse-workspace\AndroidAppium\src\test\java\resources\TLCAndroidQA.apk
[debug] &amp#27;[38;5;64m[ADB]&amp#27;[0m Starting apksigner: 'C:\\Program Files\\Java\\jdk-20\\bin\\java.exe' -Xmx1024M -Xss1m -jar C:\\Users\\TARANG\\AppData\\Local\\Android\\Sdk\\build-tools\\33.0.2\\lib\\apksigner.jar verify --print-certs C:\\Users\\TARANG\\eclipse-workspace\\AndroidAppium\\src\\test\\java\\resources\\TLCAndroidQA.apk
[debug] &amp#27;[38;5;64m[ADB]&amp#27;[0m apksigner stdout: Signer #1 certificate DN: C=US, O=Android, CN=Android Debug
[debug] &amp#27;[38;5;64m[ADB]&amp#27;[0m Signer #1 certificate SHA-256 digest: c11ae1ffa3acc7d3618ff5c4c688805fc225612cb5c19b835f2c7327b97dd7a1
[debug] &amp#27;[38;5;64m[ADB]&amp#27;[0m Signer #1 certificate SHA-1 digest: 238ea050b458d7f5cfa46449dca1e4212164d2c4
[debug] &amp#27;[38;5;64m[ADB]&amp#27;[0m Signer #1 certificate MD5 digest: 7537673733b224e1734c613a214421d3
[debug] &amp#27;[38;5;64m[ADB]&amp#27;[0m 
&amp#27;[38;5;64m[ADB]&amp#27;[0m 'C:\Users\TARANG\eclipse-workspace\AndroidAppium\src\test\java\resources\TLCAndroidQA.apk' is signed with a non-default certificate
[debug] &amp#27;[38;5;64m[ADB]&amp#27;[0m Getting install status for com.theluxurycloset.tclapplication
[debug] &amp#27;[38;5;64m[ADB]&amp#27;[0m Running 'C:\Users\TARANG\AppData\Local\Android\Sdk\platform-tools\adb.exe -P 5037 -s emulator-5554 shell dumpsys package com.theluxurycloset.tclapplication'
[debug] &amp#27;[38;5;64m[ADB]&amp#27;[0m 'com.theluxurycloset.tclapplication' is installed
[debug] &amp#27;[38;5;64m[ADB]&amp#27;[0m Getting package info for 'com.theluxurycloset.tclapplication'
[debug] &amp#27;[38;5;64m[ADB]&amp#27;[0m Running 'C:\Users\TARANG\AppData\Local\Android\Sdk\platform-tools\adb.exe -P 5037 -s emulator-5554 shell dumpsys package com.theluxurycloset.tclapplication'
[debug] &amp#27;[38;5;64m[ADB]&amp#27;[0m The version name of the installed 'com.theluxurycloset.tclapplication' is greater or equal to the application version name ('2.2.64' >= '2.2.64')
[debug] &amp#27;[38;5;64m[ADB]&amp#27;[0m There is no need to install/upgrade 'C:\Users\TARANG\eclipse-workspace\AndroidAppium\src\test\java\resources\TLCAndroidQA.apk'
&amp#27;[38;5;80m[AndroidDriver]&amp#27;[0m Performing fast reset on 'com.theluxurycloset.tclapplication'
[debug] &amp#27;[38;5;64m[ADB]&amp#27;[0m Getting install status for com.theluxurycloset.tclapplication
[debug] &amp#27;[38;5;64m[ADB]&amp#27;[0m Running 'C:\Users\TARANG\AppData\Local\Android\Sdk\platform-tools\adb.exe -P 5037 -s emulator-5554 shell dumpsys package com.theluxurycloset.tclapplication'
[debug] &amp#27;[38;5;64m[ADB]&amp#27;[0m 'com.theluxurycloset.tclapplication' is installed
[debug] &amp#27;[38;5;64m[ADB]&amp#27;[0m Running 'C:\Users\TARANG\AppData\Local\Android\Sdk\platform-tools\adb.exe -P 5037 -s emulator-5554 shell am force-stop com.theluxurycloset.tclapplication'
[debug] &amp#27;[38;5;64m[ADB]&amp#27;[0m Running 'C:\Users\TARANG\AppData\Local\Android\Sdk\platform-tools\adb.exe -P 5037 -s emulator-5554 shell pm clear com.theluxurycloset.tclapplication'
[debug] &amp#27;[38;5;80m[AndroidDriver]&amp#27;[0m Performed fast reset on the installed 'com.theluxurycloset.tclapplication' application (stop and clear)
[debug] &amp#27;[38;5;32m[AndroidUiautomator2Driver@f9e0 (72164045)]&amp#27;[0m Performing shallow cleanup of automation leftovers
[debug] &amp#27;[38;5;32m[AndroidUiautomator2Driver@f9e0 (72164045)]&amp#27;[0m No obsolete sessions have been detected (socket hang up)
[debug] &amp#27;[38;5;64m[ADB]&amp#27;[0m Running 'C:\Users\TARANG\AppData\Local\Android\Sdk\platform-tools\adb.exe -P 5037 -s emulator-5554 shell am force-stop io.appium.uiautomator2.server.test'
&amp#27;[38;5;32m[AndroidUiautomator2Driver@f9e0 (72164045)]&amp#27;[0m Starting UIAutomator2 server 5.8.0
&amp#27;[38;5;32m[AndroidUiautomator2Driver@f9e0 (72164045)]&amp#27;[0m Using UIAutomator2 server from 'C:\Users\TARANG\.appium\node_modules\appium-uiautomator2-driver\node_modules\appium-uiautomator2-server\apks\appium-uiautomator2-server-v5.8.0.apk' and test from 'C:\Users\TARANG\.appium\node_modules\appium-uiautomator2-driver\node_modules\appium-uiautomator2-server\apks\appium-uiautomator2-server-debug-androidTest.apk'
&amp#27;[38;5;32m[AndroidUiautomator2Driver@f9e0 (72164045)]&amp#27;[0m Waiting up to 30000ms for UiAutomator2 to be online...
[debug] &amp#27;[38;5;64m[ADB]&amp#27;[0m Creating ADB subprocess with args: ["-P",5037,"-s","emulator-5554","shell","am","instrument","-w","-e","disableAnalytics",true,"io.appium.uiautomator2.server.test/androidx.test.runner.AndroidJUnitRunner"]
[debug] &amp#27;[38;5;32m[AndroidUiautomator2Driver@f9e0 (72164045)]&amp#27;[0m Matched '/status' to command name 'getStatus'
[debug] &amp#27;[38;5;32m[AndroidUiautomator2Driver@f9e0 (72164045)]&amp#27;[0m Proxying [GET /status] to [GET http://127.0.0.1:8200/status] with no body
&amp#27;[38;5;32m[AndroidUiautomator2Driver@f9e0 (72164045)]&amp#27;[0m socket hang up
[debug] &amp#27;[38;5;32m[AndroidUiautomator2Driver@f9e0 (72164045)]&amp#27;[0m Matched '/status' to command name 'getStatus'
[debug] &amp#27;[38;5;32m[AndroidUiautomator2Driver@f9e0 (72164045)]&amp#27;[0m Proxying [GET /status] to [GET http://127.0.0.1:8200/status] with no body
&amp#27;[38;5;32m[AndroidUiautomator2Driver@f9e0 (72164045)]&amp#27;[0m socket hang up
[debug] &amp#27;[38;5;112m[Instrumentation]&amp#27;[0m io.appium.uiautomator2.server.test.AppiumUiAutomator2Server:
[debug] &amp#27;[38;5;32m[AndroidUiautomator2Driver@f9e0 (72164045)]&amp#27;[0m Matched '/status' to command name 'getStatus'
[debug] &amp#27;[38;5;32m[AndroidUiautomator2Driver@f9e0 (72164045)]&amp#27;[0m Proxying [GET /status] to [GET http://127.0.0.1:8200/status] with no body
&amp#27;[38;5;32m[AndroidUiautomator2Driver@f9e0 (72164045)]&amp#27;[0m socket hang up
[debug] &amp#27;[38;5;32m[AndroidUiautomator2Driver@f9e0 (72164045)]&amp#27;[0m Matched '/status' to command name 'getStatus'
[debug] &amp#27;[38;5;32m[AndroidUiautomator2Driver@f9e0 (72164045)]&amp#27;[0m Proxying [GET /status] to [GET http://127.0.0.1:8200/status] with no body
&amp#27;[38;5;32m[AndroidUiautomator2Driver@f9e0 (72164045)]&amp#27;[0m socket hang up
[debug] &amp#27;[38;5;32m[AndroidUiautomator2Driver@f9e0 (72164045)]&amp#27;[0m Matched '/status' to command name 'getStatus'
[debug] &amp#27;[38;5;32m[AndroidUiautomator2Driver@f9e0 (72164045)]&amp#27;[0m Proxying [GET /status] to [GET http://127.0.0.1:8200/status] with no body
[debug] &amp#27;[38;5;32m[AndroidUiautomator2Driver@f9e0 (72164045)]&amp#27;[0m Got response with status 200: {"sessionId":"None","value":{"message":"UiAutomator2 Server is ready to accept commands","ready":true}}
[debug] &amp#27;[38;5;32m[AndroidUiautomator2Driver@f9e0 (72164045)]&amp#27;[0m The initialization of the instrumentation process took 4324ms
[debug] &amp#27;[38;5;32m[AndroidUiautomator2Driver@f9e0 (72164045)]&amp#27;[0m Matched '/session' to command name 'createSession'
[debug] &amp#27;[38;5;32m[AndroidUiautomator2Driver@f9e0 (72164045)]&amp#27;[0m Proxying [POST /session] to [POST http://127.0.0.1:8200/session] with body: {"capabilities":{"firstMatch":[{"platform":"LINUX","webStorageEnabled":false,"takesScreenshot":true,"javascriptEnabled":true,"databaseEnabled":false,"networkConnectionEnabled":true,"locationContextEnabled":false,"warnings":{},"desired":{"platformName":"ANDROID","app":"C:\\Users\\TARANG\\eclipse-workspace\\AndroidAppium\\src\\test\\java\\resources\\TLCAndroidQA.apk","automationName":"UIAutomator2","deviceName":"TLCAndroid"},"platformName":"ANDROID","app":"C:\\Users\\TARANG\\eclipse-workspace\\AndroidAppium\\src\\test\\java\\resources\\TLCAndroidQA.apk","automationName":"UIAutomator2","deviceName":"emulator-5554","deviceUDID":"emulator-5554","appPackage":"com.theluxurycloset.tclapplication"}],"alwaysMatch":{}}}
[debug] &amp#27;[38;5;32m[AndroidUiautomator2Driver@f9e0 (72164045)]&amp#27;[0m Got response with status 200: {"sessionId":"94089c29-b581-4727-a3fe-3995014e55a6","value":{"capabilities":{"firstMatch":[{"platform":"LINUX","webStorageEnabled":false,"takesScreenshot":true,"javascriptEnabled":true,"databaseEnabled":false,"networkConnectionEnabled":true,"locationContextEnabled":false,"warnings":{},"desired":{"platformName":"ANDROID","app":"C:\\Users\\TARANG\\eclipse-workspace\\AndroidAppium\\src\\test\\java\\resources\\TLCAndroidQA.apk","automationName":"UIAutomator2","deviceName":"TLCAndroid"},"platformName":"ANDROID","app":"C:\\Users\\TARANG\\eclipse-workspace\\AndroidAppium\\src\\test\\java\\resources\\TLCAndroidQA.apk","automationName":"UIAutomator2","deviceName":"emulator-5554","deviceUDID":"emulator-5554","appPackage":"com.theluxurycloset.tclapplication"}],"alwaysMatch":{}},"sessionId":"94089c29-b581-4727-a3fe-3995014e55a6"}}
&amp#27;[38;5;32m[AndroidUiautomator2Driver@f9e0 (72164045)]&amp#27;[0m Determined the downstream protocol as 'W3C'
[debug] &amp#27;[38;5;32m[AndroidUiautomator2Driver@f9e0 (72164045)]&amp#27;[0m Proxying [GET /appium/device/info] to [GET http://127.0.0.1:8200/session/94089c29-b581-4727-a3fe-3995014e55a6/appium/device/info] with no body
[debug] &amp#27;[38;5;32m[AndroidUiautomator2Driver@f9e0 (72164045)]&amp#27;[0m Got response with status 200: {"sessionId":"94089c29-b581-4727-a3fe-3995014e55a6","value":{"androidId":"f2a647e4bbb236a6","apiVersion":"33","bluetooth":{"state":"ON"},"brand":"google","carrierName":"T-Mobile","displayDensity":440,"locale":"en_US","manufacturer":"Google","model":"sdk_gphone64_x86_64","networks":[{"capabilities":{"SSID":null,"linkDownBandwidthKbps":30000,"linkUpstreamBandwidthKbps":12000,"networkCapabilities":"NET_CAPABILITY_NOT_METERED,NET_CAPABILITY_INTERNET,NET_CAPABILITY_NOT_RESTRICTED,NET_CAPABILITY_TRUSTED,NET_CAPABILITY_NOT_VPN,NET_CAPABILITY_NOT_ROAMING,NET_CAPABILITY_FOREGROUND,NET_CAPABILITY_NOT_CONGESTED,NET_CAPABILITY_NOT_SUSPENDED","signalStrength":-50,"transportTypes":"TRANSPORT_WIFI"},"detailedState":"CONNECTED","extraInfo":"","isAvailable":true,"isConnected":true,"isFailover":false,"isRoaming":false,"state":"CONNECTED","subtype":-1,"subtypeName":"","type":1,"typeName":"WIFI"},{"capabilities":{"SSID":null,"linkDownBandwidthKbps":4300,"linkUpstreamBandwidthKbps":1800,"networkCapabilities":"NET_CAPABILITY_MM...
[debug] &amp#27;[38;5;64m[ADB]&amp#27;[0m Running 'C:\Users\TARANG\AppData\Local\Android\Sdk\platform-tools\adb.exe -P 5037 -s emulator-5554 shell dumpsys window'
&amp#27;[38;5;80m[AndroidDriver]&amp#27;[0m Screen already unlocked, doing nothing
&amp#27;[38;5;32m[AndroidUiautomator2Driver@f9e0 (72164045)]&amp#27;[0m Starting 'com.theluxurycloset.tclapplication/com.theluxurycloset.tclapplication.activity.SplashScreen.SplashActivity and waiting for 'com.theluxurycloset.tclapplication/com.theluxurycloset.tclapplication.activity.SplashScreen.SplashActivity'
[debug] &amp#27;[38;5;64m[ADB]&amp#27;[0m Running 'C:\Users\TARANG\AppData\Local\Android\Sdk\platform-tools\adb.exe -P 5037 -s emulator-5554 shell am start -W -n com.theluxurycloset.tclapplication/com.theluxurycloset.tclapplication.activity.SplashScreen.SplashActivity -S -a android.intent.action.MAIN -c android.intent.category.LAUNCHER -f 0x10200000'
[debug] &amp#27;[38;5;64m[ADB]&amp#27;[0m Waiting up to 20000ms for activity matching pkg: 'com.theluxurycloset.tclapplication' and activity: 'com.theluxurycloset.tclapplication.activity.SplashScreen.SplashActivity' to be focused
[debug] &amp#27;[38;5;64m[ADB]&amp#27;[0m Possible activities, to be checked: 'com.theluxurycloset.tclapplication.activity.SplashScreen.SplashActivity', 'com.theluxurycloset.tclapplication.com.theluxurycloset.tclapplication.activity.SplashScreen.SplashActivity'
[debug] &amp#27;[38;5;64m[ADB]&amp#27;[0m Getting focused package and activity
[debug] &amp#27;[38;5;64m[ADB]&amp#27;[0m Running 'C:\Users\TARANG\AppData\Local\Android\Sdk\platform-tools\adb.exe -P 5037 -s emulator-5554 shell dumpsys window displays'
[debug] &amp#27;[38;5;64m[ADB]&amp#27;[0m Found package: 'com.theluxurycloset.tclapplication' and fully qualified activity name : 'com.theluxurycloset.tclapplication.activity.SplashScreen.SplashActivity'
[debug] &amp#27;[38;5;32m[AndroidUiautomator2Driver@f9e0 (72164045)]&amp#27;[0m Proxying [GET /appium/device/pixel_ratio] to [GET http://127.0.0.1:8200/session/94089c29-b581-4727-a3fe-3995014e55a6/appium/device/pixel_ratio] with no body
[debug] &amp#27;[38;5;32m[AndroidUiautomator2Driver@f9e0 (72164045)]&amp#27;[0m Got response with status 200: {"sessionId":"94089c29-b581-4727-a3fe-3995014e55a6","value":2.75}
[debug] &amp#27;[38;5;32m[AndroidUiautomator2Driver@f9e0 (72164045)]&amp#27;[0m Matched '/appium/device/system_bars' to command name 'getSystemBars'
[debug] &amp#27;[38;5;32m[AndroidUiautomator2Driver@f9e0 (72164045)]&amp#27;[0m Proxying [GET /appium/device/system_bars] to [GET http://127.0.0.1:8200/session/94089c29-b581-4727-a3fe-3995014e55a6/appium/device/system_bars] with no body
[debug] &amp#27;[38;5;32m[AndroidUiautomator2Driver@f9e0 (72164045)]&amp#27;[0m Got response with status 200: {"sessionId":"94089c29-b581-4727-a3fe-3995014e55a6","value":{"statusBar":83}}
[debug] &amp#27;[38;5;32m[AndroidUiautomator2Driver@f9e0 (72164045)]&amp#27;[0m Matched '/window/current/size' to command name 'getWindowSize'
[debug] &amp#27;[38;5;32m[AndroidUiautomator2Driver@f9e0 (72164045)]&amp#27;[0m Proxying [GET /window/current/size] to [GET http://127.0.0.1:8200/session/94089c29-b581-4727-a3fe-3995014e55a6/window/current/size] with no body
[debug] &amp#27;[38;5;32m[AndroidUiautomator2Driver@f9e0 (72164045)]&amp#27;[0m Got response with status 200: {"sessionId":"94089c29-b581-4727-a3fe-3995014e55a6","value":{"height":2214,"width":1080}}
&amp#27;[38;5;16m[AppiumDriver@93cf]&amp#27;[0m New AndroidUiautomator2Driver session created successfully, session 72164045-70fb-4e06-8d8e-a77b3fc7562a added to master session list
[debug] &amp#27;[38;5;16m[AppiumDriver@93cf]&amp#27;[0m Event 'newSessionStarted' logged at 1694882610567 (22:13:30 GMT+0530 (India Standard Time))
[debug] &amp#27;[38;5;32m[AndroidUiautomator2Driver@f9e0 (72164045)]&amp#27;[0m Cached the protocol value 'W3C' for the new session 72164045-70fb-4e06-8d8e-a77b3fc7562a
[debug] &amp#27;[38;5;32m[AndroidUiautomator2Driver@f9e0 (72164045)]&amp#27;[0m Responding to client with driver.createSession() result: {"capabilities":{"platform":"LINUX","webStorageEnabled":false,"takesScreenshot":true,"javascriptEnabled":true,"databaseEnabled":false,"networkConnectionEnabled":true,"locationContextEnabled":false,"warnings":{},"desired":{"platformName":"ANDROID","app":"C:\\Users\\TARANG\\eclipse-workspace\\AndroidAppium\\src\\test\\java\\resources\\TLCAndroidQA.apk","automationName":"UIAutomator2","deviceName":"TLCAndroid"},"platformName":"ANDROID","app":"C:\\Users\\TARANG\\eclipse-workspace\\AndroidAppium\\src\\test\\java\\resources\\TLCAndroidQA.apk","automationName":"UIAutomator2","deviceName":"emulator-5554","deviceUDID":"emulator-5554","appPackage":"com.theluxurycloset.tclapplication","deviceApiLevel":33,"platformVersion":"13","deviceScreenSize":"1080x2280","deviceScreenDensity":440,"deviceModel":"sdk_gphone64_x86_64","deviceManufacturer":"Google","pixelRatio":2.75,"statBarHeight":83,"viewportRect":{"left":0,"top":83,"width":1080,"height":2131}}}
&amp#27;[38;5;0m[HTTP]&amp#27;[0m &amp#27;[37m<-- POST /session &amp#27;[39m&amp#27;[32m200&amp#27;[39m &amp#27;[90m17021 ms - 1010&amp#27;[39m
&amp#27;[38;5;0m[HTTP]&amp#27;[0m &amp#27;[90m&amp#27;[39m
&amp#27;[38;5;0m[HTTP]&amp#27;[0m &amp#27;[37m-->&amp#27;[39m &amp#27;[37mPOST&amp#27;[39m &amp#27;[37m/session/72164045-70fb-4e06-8d8e-a77b3fc7562a/timeouts&amp#27;[39m
&amp#27;[38;5;0m[HTTP]&amp#27;[0m &amp#27;[90m{"implicit":10000}&amp#27;[39m
[debug] &amp#27;[38;5;32m[AndroidUiautomator2Driver@f9e0 (72164045)]&amp#27;[0m Calling AppiumDriver.timeouts() with args: [null,null,null,null,10000,"72164045-70fb-4e06-8d8e-a77b3fc7562a"]
[debug] &amp#27;[38;5;32m[AndroidUiautomator2Driver@f9e0 (72164045)]&amp#27;[0m W3C timeout argument: {"implicit":10000}}
[debug] &amp#27;[38;5;32m[AndroidUiautomator2Driver@f9e0 (72164045)]&amp#27;[0m Set implicit wait to 10000ms
[debug] &amp#27;[38;5;32m[AndroidUiautomator2Driver@f9e0 (72164045)]&amp#27;[0m Responding to client with driver.timeouts() result: null
&amp#27;[38;5;0m[HTTP]&amp#27;[0m &amp#27;[37m<-- POST /session/72164045-70fb-4e06-8d8e-a77b3fc7562a/timeouts &amp#27;[39m&amp#27;[32m200&amp#27;[39m &amp#27;[90m6 ms - 14&amp#27;[39m
&amp#27;[38;5;0m[HTTP]&amp#27;[0m &amp#27;[90m&amp#27;[39m
&amp#27;[38;5;0m[HTTP]&amp#27;[0m &amp#27;[37m-->&amp#27;[39m &amp#27;[37mPOST&amp#27;[39m &amp#27;[37m/session/72164045-70fb-4e06-8d8e-a77b3fc7562a/element&amp#27;[39m
&amp#27;[38;5;0m[HTTP]&amp#27;[0m &amp#27;[90m{"using":"id","value":"com.theluxurycloset.tclapplication:id/button_login"}&amp#27;[39m
[debug] &amp#27;[38;5;32m[AndroidUiautomator2Driver@f9e0 (72164045)]&amp#27;[0m Calling AppiumDriver.findElement() with args: ["id","com.theluxurycloset.tclapplication:id/button_login","72164045-70fb-4e06-8d8e-a77b3fc7562a"]
[debug] &amp#27;[38;5;32m[AndroidUiautomator2Driver@f9e0 (72164045)]&amp#27;[0m Valid locator strategies for this request: xpath, id, class name, accessibility id, css selector, -android uiautomator
[debug] &amp#27;[38;5;32m[AndroidUiautomator2Driver@f9e0 (72164045)]&amp#27;[0m Waiting up to 10000 ms for condition
[debug] &amp#27;[38;5;32m[AndroidUiautomator2Driver@f9e0 (72164045)]&amp#27;[0m Matched '/element' to command name 'findElement'
[debug] &amp#27;[38;5;32m[AndroidUiautomator2Driver@f9e0 (72164045)]&amp#27;[0m Proxying [POST /element] to [POST http://127.0.0.1:8200/session/94089c29-b581-4727-a3fe-3995014e55a6/element] with body: {"strategy":"id","selector":"com.theluxurycloset.tclapplication:id/button_login","context":"","multiple":false}
[debug] &amp#27;[38;5;32m[AndroidUiautomator2Driver@f9e0 (72164045)]&amp#27;[0m Got response with status 200: {"sessionId":"94089c29-b581-4727-a3fe-3995014e55a6","value":{"ELEMENT":"00000000-0000-0048-ffff-ffff0000001a","element-6066-11e4-a52e-4f735466cecf":"00000000-0000-0048-ffff-ffff0000001a"}}
[debug] &amp#27;[38;5;32m[AndroidUiautomator2Driver@f9e0 (72164045)]&amp#27;[0m Responding to client with driver.findElement() result: {"element-6066-11e4-a52e-4f735466cecf":"00000000-0000-0048-ffff-ffff0000001a","ELEMENT":"00000000-0000-0048-ffff-ffff0000001a"}
&amp#27;[38;5;0m[HTTP]&amp#27;[0m &amp#27;[37m<-- POST /session/72164045-70fb-4e06-8d8e-a77b3fc7562a/element &amp#27;[39m&amp#27;[32m200&amp#27;[39m &amp#27;[90m67 ms - 137&amp#27;[39m
&amp#27;[38;5;0m[HTTP]&amp#27;[0m &amp#27;[90m&amp#27;[39m
&amp#27;[38;5;0m[HTTP]&amp#27;[0m &amp#27;[37m-->&amp#27;[39m &amp#27;[37mPOST&amp#27;[39m &amp#27;[37m/session/72164045-70fb-4e06-8d8e-a77b3fc7562a/element/00000000-0000-0048-ffff-ffff0000001a/click&amp#27;[39m
&amp#27;[38;5;0m[HTTP]&amp#27;[0m &amp#27;[90m{"id":"00000000-0000-0048-ffff-ffff0000001a"}&amp#27;[39m
[debug] &amp#27;[38;5;32m[AndroidUiautomator2Driver@f9e0 (72164045)]&amp#27;[0m Calling AppiumDriver.click() with args: ["00000000-0000-0048-ffff-ffff0000001a","72164045-70fb-4e06-8d8e-a77b3fc7562a"]
[debug] &amp#27;[38;5;32m[AndroidUiautomator2Driver@f9e0 (72164045)]&amp#27;[0m Matched '/element/00000000-0000-0048-ffff-ffff0000001a/click' to command name 'click'
[debug] &amp#27;[38;5;32m[AndroidUiautomator2Driver@f9e0 (72164045)]&amp#27;[0m Proxying [POST /element/00000000-0000-0048-ffff-ffff0000001a/click] to [POST http://127.0.0.1:8200/session/94089c29-b581-4727-a3fe-3995014e55a6/element/00000000-0000-0048-ffff-ffff0000001a/click] with body: {"element":"00000000-0000-0048-ffff-ffff0000001a"}
[debug] &amp#27;[38;5;32m[AndroidUiautomator2Driver@f9e0 (72164045)]&amp#27;[0m Got response with status 200: {"sessionId":"94089c29-b581-4727-a3fe-3995014e55a6","value":null}
[debug] &amp#27;[38;5;32m[AndroidUiautomator2Driver@f9e0 (72164045)]&amp#27;[0m Responding to client with driver.click() result: null
&amp#27;[38;5;0m[HTTP]&amp#27;[0m &amp#27;[37m<-- POST /session/72164045-70fb-4e06-8d8e-a77b3fc7562a/element/00000000-0000-0048-ffff-ffff0000001a/click &amp#27;[39m&amp#27;[32m200&amp#27;[39m &amp#27;[90m67 ms - 14&amp#27;[39m
&amp#27;[38;5;0m[HTTP]&amp#27;[0m &amp#27;[90m&amp#27;[39m
&amp#27;[38;5;0m[HTTP]&amp#27;[0m &amp#27;[37m-->&amp#27;[39m &amp#27;[37mPOST&amp#27;[39m &amp#27;[37m/session/72164045-70fb-4e06-8d8e-a77b3fc7562a/element&amp#27;[39m
&amp#27;[38;5;0m[HTTP]&amp#27;[0m &amp#27;[90m{"using":"id","value":"com.theluxurycloset.tclapplication:id/textField_email"}&amp#27;[39m
[debug] &amp#27;[38;5;32m[AndroidUiautomator2Driver@f9e0 (72164045)]&amp#27;[0m Calling AppiumDriver.findElement() with args: ["id","com.theluxurycloset.tclapplication:id/textField_email","72164045-70fb-4e06-8d8e-a77b3fc7562a"]
[debug] &amp#27;[38;5;32m[AndroidUiautomator2Driver@f9e0 (72164045)]&amp#27;[0m Valid locator strategies for this request: xpath, id, class name, accessibility id, css selector, -android uiautomator
[debug] &amp#27;[38;5;32m[AndroidUiautomator2Driver@f9e0 (72164045)]&amp#27;[0m Waiting up to 10000 ms for condition
[debug] &amp#27;[38;5;32m[AndroidUiautomator2Driver@f9e0 (72164045)]&amp#27;[0m Matched '/element' to command name 'findElement'
[debug] &amp#27;[38;5;32m[AndroidUiautomator2Driver@f9e0 (72164045)]&amp#27;[0m Proxying [POST /element] to [POST http://127.0.0.1:8200/session/94089c29-b581-4727-a3fe-3995014e55a6/element] with body: {"strategy":"id","selector":"com.theluxurycloset.tclapplication:id/textField_email","context":"","multiple":false}
&amp#27;[38;5;32m[AndroidUiautomator2Driver@f9e0 (72164045)]&amp#27;[0m Got response with status 404: {"sessionId":"94089c29-b581-4727-a3fe-3995014e55a6","value":{"error":"no such element","message":"An element could not be located on the page using the given search parameters","stacktrace":"io.appium.uiautomator2.common.exceptions.ElementNotFoundException: An element could not be located on the page using the given search parameters\n\tat io.appium.uiautomator2.handler.FindElement.safeHandle(FindElement.java:70)\n\tat io.appium.uiautomator2.handler.request.SafeRequestHandler.handle(SafeRequestHandler.java:59)\n\tat io.appium.uiautomator2.server.AppiumServlet.handleRequest(AppiumServlet.java:270)\n\tat io.appium.uiautomator2.server.AppiumServlet.handleHttpRequest(AppiumServlet.java:264)\n\tat io.appium.uiautomator2.http.ServerHandler.channelRead(ServerHandler.java:68)\n\tat io.netty.channel.AbstractChannelHandlerContext.invokeChannelRead(AbstractChannelHandlerContext.java:366)\n\tat io.netty.channel.AbstractChannelHandlerContext.invokeChannelRead(AbstractChannelHandlerContext.java:352)\n\tat io.netty.chann...
[debug] &amp#27;[38;5;128m[W3C]&amp#27;[0m Matched W3C error code 'no such element' to NoSuchElementError
[debug] &amp#27;[38;5;32m[AndroidUiautomator2Driver@f9e0 (72164045)]&amp#27;[0m Waited for 1070 ms so far
[debug] &amp#27;[38;5;32m[AndroidUiautomator2Driver@f9e0 (72164045)]&amp#27;[0m Matched '/element' to command name 'findElement'
[debug] &amp#27;[38;5;32m[AndroidUiautomator2Driver@f9e0 (72164045)]&amp#27;[0m Proxying [POST /element] to [POST http://127.0.0.1:8200/session/94089c29-b581-4727-a3fe-3995014e55a6/element] with body: {"strategy":"id","selector":"com.theluxurycloset.tclapplication:id/textField_email","context":"","multiple":false}
[debug] &amp#27;[38;5;32m[AndroidUiautomator2Driver@f9e0 (72164045)]&amp#27;[0m Got response with status 200: {"sessionId":"94089c29-b581-4727-a3fe-3995014e55a6","value":{"ELEMENT":"00000000-0000-0049-ffff-ffff0000005a","element-6066-11e4-a52e-4f735466cecf":"00000000-0000-0049-ffff-ffff0000005a"}}
[debug] &amp#27;[38;5;32m[AndroidUiautomator2Driver@f9e0 (72164045)]&amp#27;[0m Responding to client with driver.findElement() result: {"element-6066-11e4-a52e-4f735466cecf":"00000000-0000-0049-ffff-ffff0000005a","ELEMENT":"00000000-0000-0049-ffff-ffff0000005a"}
&amp#27;[38;5;0m[HTTP]&amp#27;[0m &amp#27;[37m<-- POST /session/72164045-70fb-4e06-8d8e-a77b3fc7562a/element &amp#27;[39m&amp#27;[32m200&amp#27;[39m &amp#27;[90m2427 ms - 137&amp#27;[39m
&amp#27;[38;5;0m[HTTP]&amp#27;[0m &amp#27;[90m&amp#27;[39m
&amp#27;[38;5;0m[HTTP]&amp#27;[0m &amp#27;[37m-->&amp#27;[39m &amp#27;[37mPOST&amp#27;[39m &amp#27;[37m/session/72164045-70fb-4e06-8d8e-a77b3fc7562a/element/00000000-0000-0049-ffff-ffff0000005a/value&amp#27;[39m
&amp#27;[38;5;0m[HTTP]&amp#27;[0m &amp#27;[90m{"id":"00000000-0000-0049-ffff-ffff0000005a","text":"tarangtest@yopmail.com","value":["t","a","r","a","n","g","t","e","s","t","@","y","o","p","m","a","i","l",".","c","o","m"]}&amp#27;[39m
[debug] &amp#27;[38;5;32m[AndroidUiautomator2Driver@f9e0 (72164045)]&amp#27;[0m Calling AppiumDriver.setValue() with args: [["t","a","r","a","n","g","t","e","s","t","@","y","o","p","m","a","i","l",".","c","o","m"],"00000000-0000-0049-ffff-ffff0000005a","72164045-70fb-4e06-8d8e-a77b3fc7562a"]
[debug] &amp#27;[38;5;32m[AndroidUiautomator2Driver@f9e0 (72164045)]&amp#27;[0m Matched '/element/00000000-0000-0049-ffff-ffff0000005a/value' to command name 'setValue'
[debug] &amp#27;[38;5;32m[AndroidUiautomator2Driver@f9e0 (72164045)]&amp#27;[0m Added 'value' property ["t","a","r","a","n","g","t","e","s","t","@","y","o","p","m","a","i","l",".","c","o","m"] to 'setValue' request body
[debug] &amp#27;[38;5;32m[AndroidUiautomator2Driver@f9e0 (72164045)]&amp#27;[0m Proxying [POST /element/00000000-0000-0049-ffff-ffff0000005a/value] to [POST http://127.0.0.1:8200/session/94089c29-b581-4727-a3fe-3995014e55a6/element/00000000-0000-0049-ffff-ffff0000005a/value] with body: {"elementId":"00000000-0000-0049-ffff-ffff0000005a","text":"tarangtest@yopmail.com","replace":false,"value":["t","a","r","a","n","g","t","e","s","t","@","y","o","p","m","a","i","l",".","c","o","m"]}
[debug] &amp#27;[38;5;32m[AndroidUiautomator2Driver@f9e0 (72164045)]&amp#27;[0m Got response with status 200: {"sessionId":"94089c29-b581-4727-a3fe-3995014e55a6","value":null}
[debug] &amp#27;[38;5;32m[AndroidUiautomator2Driver@f9e0 (72164045)]&amp#27;[0m Responding to client with driver.setValue() result: null
&amp#27;[38;5;0m[HTTP]&amp#27;[0m &amp#27;[37m<-- POST /session/72164045-70fb-4e06-8d8e-a77b3fc7562a/element/00000000-0000-0049-ffff-ffff0000005a/value &amp#27;[39m&amp#27;[32m200&amp#27;[39m &amp#27;[90m567 ms - 14&amp#27;[39m
&amp#27;[38;5;0m[HTTP]&amp#27;[0m &amp#27;[90m&amp#27;[39m
&amp#27;[38;5;0m[HTTP]&amp#27;[0m &amp#27;[37m-->&amp#27;[39m &amp#27;[37mPOST&amp#27;[39m &amp#27;[37m/session/72164045-70fb-4e06-8d8e-a77b3fc7562a/element&amp#27;[39m
&amp#27;[38;5;0m[HTTP]&amp#27;[0m &amp#27;[90m{"using":"id","value":"com.theluxurycloset.tclapplication:id/textField_password"}&amp#27;[39m
[debug] &amp#27;[38;5;32m[AndroidUiautomator2Driver@f9e0 (72164045)]&amp#27;[0m Calling AppiumDriver.findElement() with args: ["id","com.theluxurycloset.tclapplication:id/textField_password","72164045-70fb-4e06-8d8e-a77b3fc7562a"]
[debug] &amp#27;[38;5;32m[AndroidUiautomator2Driver@f9e0 (72164045)]&amp#27;[0m Valid locator strategies for this request: xpath, id, class name, accessibility id, css selector, -android uiautomator
[debug] &amp#27;[38;5;32m[AndroidUiautomator2Driver@f9e0 (72164045)]&amp#27;[0m Waiting up to 10000 ms for condition
[debug] &amp#27;[38;5;32m[AndroidUiautomator2Driver@f9e0 (72164045)]&amp#27;[0m Matched '/element' to command name 'findElement'
[debug] &amp#27;[38;5;32m[AndroidUiautomator2Driver@f9e0 (72164045)]&amp#27;[0m Proxying [POST /element] to [POST http://127.0.0.1:8200/session/94089c29-b581-4727-a3fe-3995014e55a6/element] with body: {"strategy":"id","selector":"com.theluxurycloset.tclapplication:id/textField_password","context":"","multiple":false}
[debug] &amp#27;[38;5;32m[AndroidUiautomator2Driver@f9e0 (72164045)]&amp#27;[0m Got response with status 200: {"sessionId":"94089c29-b581-4727-a3fe-3995014e55a6","value":{"ELEMENT":"00000000-0000-0049-ffff-ffff0000005b","element-6066-11e4-a52e-4f735466cecf":"00000000-0000-0049-ffff-ffff0000005b"}}
[debug] &amp#27;[38;5;32m[AndroidUiautomator2Driver@f9e0 (72164045)]&amp#27;[0m Responding to client with driver.findElement() result: {"element-6066-11e4-a52e-4f735466cecf":"00000000-0000-0049-ffff-ffff0000005b","ELEMENT":"00000000-0000-0049-ffff-ffff0000005b"}
&amp#27;[38;5;0m[HTTP]&amp#27;[0m &amp#27;[37m<-- POST /session/72164045-70fb-4e06-8d8e-a77b3fc7562a/element &amp#27;[39m&amp#27;[32m200&amp#27;[39m &amp#27;[90m89 ms - 137&amp#27;[39m
&amp#27;[38;5;0m[HTTP]&amp#27;[0m &amp#27;[90m&amp#27;[39m
&amp#27;[38;5;0m[HTTP]&amp#27;[0m &amp#27;[37m-->&amp#27;[39m &amp#27;[37mPOST&amp#27;[39m &amp#27;[37m/session/72164045-70fb-4e06-8d8e-a77b3fc7562a/element/00000000-0000-0049-ffff-ffff0000005b/value&amp#27;[39m
&amp#27;[38;5;0m[HTTP]&amp#27;[0m &amp#27;[90m{"id":"00000000-0000-0049-ffff-ffff0000005b","text":"test1234","value":["t","e","s","t","1","2","3","4"]}&amp#27;[39m
[debug] &amp#27;[38;5;32m[AndroidUiautomator2Driver@f9e0 (72164045)]&amp#27;[0m Calling AppiumDriver.setValue() with args: [["t","e","s","t","1","2","3","4"],"00000000-0000-0049-ffff-ffff0000005b","72164045-70fb-4e06-8d8e-a77b3fc7562a"]
[debug] &amp#27;[38;5;32m[AndroidUiautomator2Driver@f9e0 (72164045)]&amp#27;[0m Matched '/element/00000000-0000-0049-ffff-ffff0000005b/value' to command name 'setValue'
[debug] &amp#27;[38;5;32m[AndroidUiautomator2Driver@f9e0 (72164045)]&amp#27;[0m Added 'value' property ["t","e","s","t","1","2","3","4"] to 'setValue' request body
[debug] &amp#27;[38;5;32m[AndroidUiautomator2Driver@f9e0 (72164045)]&amp#27;[0m Proxying [POST /element/00000000-0000-0049-ffff-ffff0000005b/value] to [POST http://127.0.0.1:8200/session/94089c29-b581-4727-a3fe-3995014e55a6/element/00000000-0000-0049-ffff-ffff0000005b/value] with body: {"elementId":"00000000-0000-0049-ffff-ffff0000005b","text":"test1234","replace":false,"value":["t","e","s","t","1","2","3","4"]}
[debug] &amp#27;[38;5;32m[AndroidUiautomator2Driver@f9e0 (72164045)]&amp#27;[0m Got response with status 200: {"sessionId":"94089c29-b581-4727-a3fe-3995014e55a6","value":null}
[debug] &amp#27;[38;5;32m[AndroidUiautomator2Driver@f9e0 (72164045)]&amp#27;[0m Responding to client with driver.setValue() result: null
&amp#27;[38;5;0m[HTTP]&amp#27;[0m &amp#27;[37m<-- POST /session/72164045-70fb-4e06-8d8e-a77b3fc7562a/element/00000000-0000-0049-ffff-ffff0000005b/value &amp#27;[39m&amp#27;[32m200&amp#27;[39m &amp#27;[90m946 ms - 14&amp#27;[39m
&amp#27;[38;5;0m[HTTP]&amp#27;[0m &amp#27;[90m&amp#27;[39m
&amp#27;[38;5;0m[HTTP]&amp#27;[0m &amp#27;[37m-->&amp#27;[39m &amp#27;[37mPOST&amp#27;[39m &amp#27;[37m/session/72164045-70fb-4e06-8d8e-a77b3fc7562a/element&amp#27;[39m
&amp#27;[38;5;0m[HTTP]&amp#27;[0m &amp#27;[90m{"using":"id","value":"com.theluxurycloset.tclapplication:id/button_normal_login"}&amp#27;[39m
[debug] &amp#27;[38;5;32m[AndroidUiautomator2Driver@f9e0 (72164045)]&amp#27;[0m Calling AppiumDriver.findElement() with args: ["id","com.theluxurycloset.tclapplication:id/button_normal_login","72164045-70fb-4e06-8d8e-a77b3fc7562a"]
[debug] &amp#27;[38;5;32m[AndroidUiautomator2Driver@f9e0 (72164045)]&amp#27;[0m Valid locator strategies for this request: xpath, id, class name, accessibility id, css selector, -android uiautomator
[debug] &amp#27;[38;5;32m[AndroidUiautomator2Driver@f9e0 (72164045)]&amp#27;[0m Waiting up to 10000 ms for condition
[debug] &amp#27;[38;5;32m[AndroidUiautomator2Driver@f9e0 (72164045)]&amp#27;[0m Matched '/element' to command name 'findElement'
[debug] &amp#27;[38;5;32m[AndroidUiautomator2Driver@f9e0 (72164045)]&amp#27;[0m Proxying [POST /element] to [POST http://127.0.0.1:8200/session/94089c29-b581-4727-a3fe-3995014e55a6/element] with body: {"strategy":"id","selector":"com.theluxurycloset.tclapplication:id/button_normal_login","context":"","multiple":false}
[debug] &amp#27;[38;5;32m[AndroidUiautomator2Driver@f9e0 (72164045)]&amp#27;[0m Got response with status 200: {"sessionId":"94089c29-b581-4727-a3fe-3995014e55a6","value":{"ELEMENT":"00000000-0000-0049-ffff-ffff00000060","element-6066-11e4-a52e-4f735466cecf":"00000000-0000-0049-ffff-ffff00000060"}}
[debug] &amp#27;[38;5;32m[AndroidUiautomator2Driver@f9e0 (72164045)]&amp#27;[0m Responding to client with driver.findElement() result: {"element-6066-11e4-a52e-4f735466cecf":"00000000-0000-0049-ffff-ffff00000060","ELEMENT":"00000000-0000-0049-ffff-ffff00000060"}
&amp#27;[38;5;0m[HTTP]&amp#27;[0m &amp#27;[37m<-- POST /session/72164045-70fb-4e06-8d8e-a77b3fc7562a/element &amp#27;[39m&amp#27;[32m200&amp#27;[39m &amp#27;[90m550 ms - 137&amp#27;[39m
&amp#27;[38;5;0m[HTTP]&amp#27;[0m &amp#27;[90m&amp#27;[39m
&amp#27;[38;5;0m[HTTP]&amp#27;[0m &amp#27;[37m-->&amp#27;[39m &amp#27;[37mPOST&amp#27;[39m &amp#27;[37m/session/72164045-70fb-4e06-8d8e-a77b3fc7562a/element/00000000-0000-0049-ffff-ffff00000060/click&amp#27;[39m
&amp#27;[38;5;0m[HTTP]&amp#27;[0m &amp#27;[90m{"id":"00000000-0000-0049-ffff-ffff00000060"}&amp#27;[39m
[debug] &amp#27;[38;5;32m[AndroidUiautomator2Driver@f9e0 (72164045)]&amp#27;[0m Calling AppiumDriver.click() with args: ["00000000-0000-0049-ffff-ffff00000060","72164045-70fb-4e06-8d8e-a77b3fc7562a"]
[debug] &amp#27;[38;5;32m[AndroidUiautomator2Driver@f9e0 (72164045)]&amp#27;[0m Matched '/element/00000000-0000-0049-ffff-ffff00000060/click' to command name 'click'
[debug] &amp#27;[38;5;32m[AndroidUiautomator2Driver@f9e0 (72164045)]&amp#27;[0m Proxying [POST /element/00000000-0000-0049-ffff-ffff00000060/click] to [POST http://127.0.0.1:8200/session/94089c29-b581-4727-a3fe-3995014e55a6/element/00000000-0000-0049-ffff-ffff00000060/click] with body: {"element":"00000000-0000-0049-ffff-ffff00000060"}
[debug] &amp#27;[38;5;32m[AndroidUiautomator2Driver@f9e0 (72164045)]&amp#27;[0m Got response with status 200: {"sessionId":"94089c29-b581-4727-a3fe-3995014e55a6","value":null}
[debug] &amp#27;[38;5;32m[AndroidUiautomator2Driver@f9e0 (72164045)]&amp#27;[0m Responding to client with driver.click() result: null
&amp#27;[38;5;0m[HTTP]&amp#27;[0m &amp#27;[37m<-- POST /session/72164045-70fb-4e06-8d8e-a77b3fc7562a/element/00000000-0000-0049-ffff-ffff00000060/click &amp#27;[39m&amp#27;[32m200&amp#27;[39m &amp#27;[90m94 ms - 14&amp#27;[39m
&amp#27;[38;5;0m[HTTP]&amp#27;[0m &amp#27;[90m&amp#27;[39m
&amp#27;[38;5;0m[HTTP]&amp#27;[0m &amp#27;[37m-->&amp#27;[39m &amp#27;[37mPOST&amp#27;[39m &amp#27;[37m/session/72164045-70fb-4e06-8d8e-a77b3fc7562a/elements&amp#27;[39m
&amp#27;[38;5;0m[HTTP]&amp#27;[0m &amp#27;[90m{"using":"id","value":"countryImage"}&amp#27;[39m
[debug] &amp#27;[38;5;32m[AndroidUiautomator2Driver@f9e0 (72164045)]&amp#27;[0m Calling AppiumDriver.findElements() with args: ["id","countryImage","72164045-70fb-4e06-8d8e-a77b3fc7562a"]
[debug] &amp#27;[38;5;32m[AndroidUiautomator2Driver@f9e0 (72164045)]&amp#27;[0m Valid locator strategies for this request: xpath, id, class name, accessibility id, css selector, -android uiautomator
[debug] &amp#27;[38;5;32m[AndroidUiautomator2Driver@f9e0 (72164045)]&amp#27;[0m Waiting up to 10000 ms for condition
[debug] &amp#27;[38;5;32m[AndroidUiautomator2Driver@f9e0 (72164045)]&amp#27;[0m Matched '/elements' to command name 'findElements'
[debug] &amp#27;[38;5;32m[AndroidUiautomator2Driver@f9e0 (72164045)]&amp#27;[0m Proxying [POST /elements] to [POST http://127.0.0.1:8200/session/94089c29-b581-4727-a3fe-3995014e55a6/elements] with body: {"strategy":"id","selector":"countryImage","context":"","multiple":true}
[debug] &amp#27;[38;5;32m[AndroidUiautomator2Driver@f9e0 (72164045)]&amp#27;[0m Got response with status 200: {"sessionId":"94089c29-b581-4727-a3fe-3995014e55a6","value":[{"ELEMENT":"00000000-0000-004e-ffff-ffff000000c5","element-6066-11e4-a52e-4f735466cecf":"00000000-0000-004e-ffff-ffff000000c5"},{"ELEMENT":"00000000-0000-004e-ffff-ffff000000c9","element-6066-11e4-a52e-4f735466cecf":"00000000-0000-004e-ffff-ffff000000c9"},{"ELEMENT":"00000000-0000-004e-ffff-ffff000000cd","element-6066-11e4-a52e-4f735466cecf":"00000000-0000-004e-ffff-ffff000000cd"},{"ELEMENT":"00000000-0000-004e-ffff-ffff000000d1","element-6066-11e4-a52e-4f735466cecf":"00000000-0000-004e-ffff-ffff000000d1"},{"ELEMENT":"00000000-0000-004e-ffff-ffff000000d5","element-6066-11e4-a52e-4f735466cecf":"00000000-0000-004e-ffff-ffff000000d5"},{"ELEMENT":"00000000-0000-004e-ffff-ffff000000d9","element-6066-11e4-a52e-4f735466cecf":"00000000-0000-004e-ffff-ffff000000d9"},{"ELEMENT":"00000000-0000-004e-ffff-ffff000000dd","element-6066-11e4-a52e-4f735466cecf":"00000000-0000-004e-ffff-ffff000000dd"},{"ELEMENT":"00000000-0000-004e-ffff-ffff000000e1","element-6066-...
[debug] &amp#27;[38;5;32m[AndroidUiautomator2Driver@f9e0 (72164045)]&amp#27;[0m Responding to client with driver.findElements() result: [{"element-6066-11e4-a52e-4f735466cecf":"00000000-0000-004e-ffff-ffff000000c5","ELEMENT":"00000000-0000-004e-ffff-ffff000000c5"},{"element-6066-11e4-a52e-4f735466cecf":"00000000-0000-004e-ffff-ffff000000c9","ELEMENT":"00000000-0000-004e-ffff-ffff000000c9"},{"element-6066-11e4-a52e-4f735466cecf":"00000000-0000-004e-ffff-ffff000000cd","ELEMENT":"00000000-0000-004e-ffff-ffff000000cd"},{"element-6066-11e4-a52e-4f735466cecf":"00000000-0000-004e-ffff-ffff000000d1","ELEMENT":"00000000-0000-004e-ffff-ffff000000d1"},{"element-6066-11e4-a52e-4f735466cecf":"00000000-0000-004e-ffff-ffff000000d5","ELEMENT":"00000000-0000-004e-ffff-ffff000000d5"},{"element-6066-11e4-a52e-4f735466cecf":"00000000-0000-004e-ffff-ffff000000d9","ELEMENT":"00000000-0000-004e-ffff-ffff000000d9"},{"element-6066-11e4-a52e-4f735466cecf":"00000000-0000-004e-ffff-ffff000000dd","ELEMENT":"00000000-0000-004e-ffff-ffff000000dd"},{"element-6066-11e4-a52e-4f735466cecf":"00000000-0000-004e-ffff-ffff000000e1","ELEMENT":"00000000-0000-004e-ffff-ffff000000e...
&amp#27;[38;5;0m[HTTP]&amp#27;[0m &amp#27;[37m<-- POST /session/72164045-70fb-4e06-8d8e-a77b3fc7562a/elements &amp#27;[39m&amp#27;[32m200&amp#27;[39m &amp#27;[90m1068 ms - 1291&amp#27;[39m
&amp#27;[38;5;0m[HTTP]&amp#27;[0m &amp#27;[90m&amp#27;[39m
&amp#27;[38;5;0m[HTTP]&amp#27;[0m &amp#27;[37m-->&amp#27;[39m &amp#27;[37mPOST&amp#27;[39m &amp#27;[37m/session/72164045-70fb-4e06-8d8e-a77b3fc7562a/element/00000000-0000-004e-ffff-ffff000000c5/click&amp#27;[39m
&amp#27;[38;5;0m[HTTP]&amp#27;[0m &amp#27;[90m{"id":"00000000-0000-004e-ffff-ffff000000c5"}&amp#27;[39m
[debug] &amp#27;[38;5;32m[AndroidUiautomator2Driver@f9e0 (72164045)]&amp#27;[0m Calling AppiumDriver.click() with args: ["00000000-0000-004e-ffff-ffff000000c5","72164045-70fb-4e06-8d8e-a77b3fc7562a"]
[debug] &amp#27;[38;5;32m[AndroidUiautomator2Driver@f9e0 (72164045)]&amp#27;[0m Matched '/element/00000000-0000-004e-ffff-ffff000000c5/click' to command name 'click'
[debug] &amp#27;[38;5;32m[AndroidUiautomator2Driver@f9e0 (72164045)]&amp#27;[0m Proxying [POST /element/00000000-0000-004e-ffff-ffff000000c5/click] to [POST http://127.0.0.1:8200/session/94089c29-b581-4727-a3fe-3995014e55a6/element/00000000-0000-004e-ffff-ffff000000c5/click] with body: {"element":"00000000-0000-004e-ffff-ffff000000c5"}
[debug] &amp#27;[38;5;32m[AndroidUiautomator2Driver@f9e0 (72164045)]&amp#27;[0m Got response with status 200: {"sessionId":"94089c29-b581-4727-a3fe-3995014e55a6","value":null}
[debug] &amp#27;[38;5;32m[AndroidUiautomator2Driver@f9e0 (72164045)]&amp#27;[0m Responding to client with driver.click() result: null
&amp#27;[38;5;0m[HTTP]&amp#27;[0m &amp#27;[37m<-- POST /session/72164045-70fb-4e06-8d8e-a77b3fc7562a/element/00000000-0000-004e-ffff-ffff000000c5/click &amp#27;[39m&amp#27;[32m200&amp#27;[39m &amp#27;[90m135 ms - 14&amp#27;[39m
&amp#27;[38;5;0m[HTTP]&amp#27;[0m &amp#27;[90m&amp#27;[39m
&amp#27;[38;5;0m[HTTP]&amp#27;[0m &amp#27;[37m-->&amp#27;[39m &amp#27;[37mPOST&amp#27;[39m &amp#27;[37m/session/72164045-70fb-4e06-8d8e-a77b3fc7562a/elements&amp#27;[39m
&amp#27;[38;5;0m[HTTP]&amp#27;[0m &amp#27;[90m{"using":"id","value":"poster"}&amp#27;[39m
[debug] &amp#27;[38;5;32m[AndroidUiautomator2Driver@f9e0 (72164045)]&amp#27;[0m Calling AppiumDriver.findElements() with args: ["id","poster","72164045-70fb-4e06-8d8e-a77b3fc7562a"]
[debug] &amp#27;[38;5;32m[AndroidUiautomator2Driver@f9e0 (72164045)]&amp#27;[0m Valid locator strategies for this request: xpath, id, class name, accessibility id, css selector, -android uiautomator
[debug] &amp#27;[38;5;32m[AndroidUiautomator2Driver@f9e0 (72164045)]&amp#27;[0m Waiting up to 10000 ms for condition
[debug] &amp#27;[38;5;32m[AndroidUiautomator2Driver@f9e0 (72164045)]&amp#27;[0m Matched '/elements' to command name 'findElements'
[debug] &amp#27;[38;5;32m[AndroidUiautomator2Driver@f9e0 (72164045)]&amp#27;[0m Proxying [POST /elements] to [POST http://127.0.0.1:8200/session/94089c29-b581-4727-a3fe-3995014e55a6/elements] with body: {"strategy":"id","selector":"poster","context":"","multiple":true}
[debug] &amp#27;[38;5;32m[AndroidUiautomator2Driver@f9e0 (72164045)]&amp#27;[0m Got response with status 200: {"sessionId":"94089c29-b581-4727-a3fe-3995014e55a6","value":[]}
[debug] &amp#27;[38;5;32m[AndroidUiautomator2Driver@f9e0 (72164045)]&amp#27;[0m Waited for 819 ms so far
[debug] &amp#27;[38;5;32m[AndroidUiautomator2Driver@f9e0 (72164045)]&amp#27;[0m Matched '/elements' to command name 'findElements'
[debug] &amp#27;[38;5;32m[AndroidUiautomator2Driver@f9e0 (72164045)]&amp#27;[0m Proxying [POST /elements] to [POST http://127.0.0.1:8200/session/94089c29-b581-4727-a3fe-3995014e55a6/elements] with body: {"strategy":"id","selector":"poster","context":"","multiple":true}
[debug] &amp#27;[38;5;32m[AndroidUiautomator2Driver@f9e0 (72164045)]&amp#27;[0m Got response with status 200: {"sessionId":"94089c29-b581-4727-a3fe-3995014e55a6","value":[]}
[debug] &amp#27;[38;5;32m[AndroidUiautomator2Driver@f9e0 (72164045)]&amp#27;[0m Waited for 2641 ms so far
[debug] &amp#27;[38;5;32m[AndroidUiautomator2Driver@f9e0 (72164045)]&amp#27;[0m Matched '/elements' to command name 'findElements'
[debug] &amp#27;[38;5;32m[AndroidUiautomator2Driver@f9e0 (72164045)]&amp#27;[0m Proxying [POST /elements] to [POST http://127.0.0.1:8200/session/94089c29-b581-4727-a3fe-3995014e55a6/elements] with body: {"strategy":"id","selector":"poster","context":"","multiple":true}
[debug] &amp#27;[38;5;32m[AndroidUiautomator2Driver@f9e0 (72164045)]&amp#27;[0m Got response with status 200: {"sessionId":"94089c29-b581-4727-a3fe-3995014e55a6","value":[]}
[debug] &amp#27;[38;5;32m[AndroidUiautomator2Driver@f9e0 (72164045)]&amp#27;[0m Waited for 3182 ms so far
[debug] &amp#27;[38;5;32m[AndroidUiautomator2Driver@f9e0 (72164045)]&amp#27;[0m Matched '/elements' to command name 'findElements'
[debug] &amp#27;[38;5;32m[AndroidUiautomator2Driver@f9e0 (72164045)]&amp#27;[0m Proxying [POST /elements] to [POST http://127.0.0.1:8200/session/94089c29-b581-4727-a3fe-3995014e55a6/elements] with body: {"strategy":"id","selector":"poster","context":"","multiple":true}
[debug] &amp#27;[38;5;32m[AndroidUiautomator2Driver@f9e0 (72164045)]&amp#27;[0m Got response with status 200: {"sessionId":"94089c29-b581-4727-a3fe-3995014e55a6","value":[]}
[debug] &amp#27;[38;5;32m[AndroidUiautomator2Driver@f9e0 (72164045)]&amp#27;[0m Waited for 3725 ms so far
[debug] &amp#27;[38;5;32m[AndroidUiautomator2Driver@f9e0 (72164045)]&amp#27;[0m Matched '/elements' to command name 'findElements'
[debug] &amp#27;[38;5;32m[AndroidUiautomator2Driver@f9e0 (72164045)]&amp#27;[0m Proxying [POST /elements] to [POST http://127.0.0.1:8200/session/94089c29-b581-4727-a3fe-3995014e55a6/elements] with body: {"strategy":"id","selector":"poster","context":"","multiple":true}
[debug] &amp#27;[38;5;32m[AndroidUiautomator2Driver@f9e0 (72164045)]&amp#27;[0m Got response with status 200: {"sessionId":"94089c29-b581-4727-a3fe-3995014e55a6","value":[]}
[debug] &amp#27;[38;5;32m[AndroidUiautomator2Driver@f9e0 (72164045)]&amp#27;[0m Waited for 4267 ms so far
[debug] &amp#27;[38;5;32m[AndroidUiautomator2Driver@f9e0 (72164045)]&amp#27;[0m Matched '/elements' to command name 'findElements'
[debug] &amp#27;[38;5;32m[AndroidUiautomator2Driver@f9e0 (72164045)]&amp#27;[0m Proxying [POST /elements] to [POST http://127.0.0.1:8200/session/94089c29-b581-4727-a3fe-3995014e55a6/elements] with body: {"strategy":"id","selector":"poster","context":"","multiple":true}
[debug] &amp#27;[38;5;32m[AndroidUiautomator2Driver@f9e0 (72164045)]&amp#27;[0m Got response with status 200: {"sessionId":"94089c29-b581-4727-a3fe-3995014e55a6","value":[]}
[debug] &amp#27;[38;5;32m[AndroidUiautomator2Driver@f9e0 (72164045)]&amp#27;[0m Waited for 4823 ms so far
[debug] &amp#27;[38;5;32m[AndroidUiautomator2Driver@f9e0 (72164045)]&amp#27;[0m Matched '/elements' to command name 'findElements'
[debug] &amp#27;[38;5;32m[AndroidUiautomator2Driver@f9e0 (72164045)]&amp#27;[0m Proxying [POST /elements] to [POST http://127.0.0.1:8200/session/94089c29-b581-4727-a3fe-3995014e55a6/elements] with body: {"strategy":"id","selector":"poster","context":"","multiple":true}
[debug] &amp#27;[38;5;32m[AndroidUiautomator2Driver@f9e0 (72164045)]&amp#27;[0m Got response with status 200: {"sessionId":"94089c29-b581-4727-a3fe-3995014e55a6","value":[]}
[debug] &amp#27;[38;5;32m[AndroidUiautomator2Driver@f9e0 (72164045)]&amp#27;[0m Waited for 5362 ms so far
[debug] &amp#27;[38;5;32m[AndroidUiautomator2Driver@f9e0 (72164045)]&amp#27;[0m Matched '/elements' to command name 'findElements'
[debug] &amp#27;[38;5;32m[AndroidUiautomator2Driver@f9e0 (72164045)]&amp#27;[0m Proxying [POST /elements] to [POST http://127.0.0.1:8200/session/94089c29-b581-4727-a3fe-3995014e55a6/elements] with body: {"strategy":"id","selector":"poster","context":"","multiple":true}
[debug] &amp#27;[38;5;32m[AndroidUiautomator2Driver@f9e0 (72164045)]&amp#27;[0m Got response with status 200: {"sessionId":"94089c29-b581-4727-a3fe-3995014e55a6","value":[]}
[debug] &amp#27;[38;5;32m[AndroidUiautomator2Driver@f9e0 (72164045)]&amp#27;[0m Waited for 5906 ms so far
[debug] &amp#27;[38;5;32m[AndroidUiautomator2Driver@f9e0 (72164045)]&amp#27;[0m Matched '/elements' to command name 'findElements'
[debug] &amp#27;[38;5;32m[AndroidUiautomator2Driver@f9e0 (72164045)]&amp#27;[0m Proxying [POST /elements] to [POST http://127.0.0.1:8200/session/94089c29-b581-4727-a3fe-3995014e55a6/elements] with body: {"strategy":"id","selector":"poster","context":"","multiple":true}
[debug] &amp#27;[38;5;32m[AndroidUiautomator2Driver@f9e0 (72164045)]&amp#27;[0m Got response with status 200: {"sessionId":"94089c29-b581-4727-a3fe-3995014e55a6","value":[]}
[debug] &amp#27;[38;5;32m[AndroidUiautomator2Driver@f9e0 (72164045)]&amp#27;[0m Waited for 6454 ms so far
[debug] &amp#27;[38;5;32m[AndroidUiautomator2Driver@f9e0 (72164045)]&amp#27;[0m Matched '/elements' to command name 'findElements'
[debug] &amp#27;[38;5;32m[AndroidUiautomator2Driver@f9e0 (72164045)]&amp#27;[0m Proxying [POST /elements] to [POST http://127.0.0.1:8200/session/94089c29-b581-4727-a3fe-3995014e55a6/elements] with body: {"strategy":"id","selector":"poster","context":"","multiple":true}
[debug] &amp#27;[38;5;32m[AndroidUiautomator2Driver@f9e0 (72164045)]&amp#27;[0m Got response with status 200: {"sessionId":"94089c29-b581-4727-a3fe-3995014e55a6","value":[{"ELEMENT":"00000000-0000-004d-ffff-ffff0000014d","element-6066-11e4-a52e-4f735466cecf":"00000000-0000-004d-ffff-ffff0000014d"},{"ELEMENT":"00000000-0000-004d-ffff-ffff00000150","element-6066-11e4-a52e-4f735466cecf":"00000000-0000-004d-ffff-ffff00000150"},{"ELEMENT":"00000000-0000-004d-ffff-ffff00000157","element-6066-11e4-a52e-4f735466cecf":"00000000-0000-004d-ffff-ffff00000157"}]}
[debug] &amp#27;[38;5;32m[AndroidUiautomator2Driver@f9e0 (72164045)]&amp#27;[0m Responding to client with driver.findElements() result: [{"element-6066-11e4-a52e-4f735466cecf":"00000000-0000-004d-ffff-ffff0000014d","ELEMENT":"00000000-0000-004d-ffff-ffff0000014d"},{"element-6066-11e4-a52e-4f735466cecf":"00000000-0000-004d-ffff-ffff00000150","ELEMENT":"00000000-0000-004d-ffff-ffff00000150"},{"element-6066-11e4-a52e-4f735466cecf":"00000000-0000-004d-ffff-ffff00000157","ELEMENT":"00000000-0000-004d-ffff-ffff00000157"}]
&amp#27;[38;5;0m[HTTP]&amp#27;[0m &amp#27;[37m<-- POST /session/72164045-70fb-4e06-8d8e-a77b3fc7562a/elements &amp#27;[39m&amp#27;[32m200&amp#27;[39m &amp#27;[90m7534 ms - 395&amp#27;[39m
&amp#27;[38;5;0m[HTTP]&amp#27;[0m &amp#27;[90m&amp#27;[39m
&amp#27;[38;5;0m[HTTP]&amp#27;[0m &amp#27;[37m-->&amp#27;[39m &amp#27;[37mPOST&amp#27;[39m &amp#27;[37m/session/72164045-70fb-4e06-8d8e-a77b3fc7562a/element/00000000-0000-004d-ffff-ffff00000150/click&amp#27;[39m
&amp#27;[38;5;0m[HTTP]&amp#27;[0m &amp#27;[90m{"id":"00000000-0000-004d-ffff-ffff00000150"}&amp#27;[39m
[debug] &amp#27;[38;5;32m[AndroidUiautomator2Driver@f9e0 (72164045)]&amp#27;[0m Calling AppiumDriver.click() with args: ["00000000-0000-004d-ffff-ffff00000150","72164045-70fb-4e06-8d8e-a77b3fc7562a"]
[debug] &amp#27;[38;5;32m[AndroidUiautomator2Driver@f9e0 (72164045)]&amp#27;[0m Matched '/element/00000000-0000-004d-ffff-ffff00000150/click' to command name 'click'
[debug] &amp#27;[38;5;32m[AndroidUiautomator2Driver@f9e0 (72164045)]&amp#27;[0m Proxying [POST /element/00000000-0000-004d-ffff-ffff00000150/click] to [POST http://127.0.0.1:8200/session/94089c29-b581-4727-a3fe-3995014e55a6/element/00000000-0000-004d-ffff-ffff00000150/click] with body: {"element":"00000000-0000-004d-ffff-ffff00000150"}
[debug] &amp#27;[38;5;32m[AndroidUiautomator2Driver@f9e0 (72164045)]&amp#27;[0m Got response with status 200: {"sessionId":"94089c29-b581-4727-a3fe-3995014e55a6","value":null}
[debug] &amp#27;[38;5;32m[AndroidUiautomator2Driver@f9e0 (72164045)]&amp#27;[0m Responding to client with driver.click() result: null
&amp#27;[38;5;0m[HTTP]&amp#27;[0m &amp#27;[37m<-- POST /session/72164045-70fb-4e06-8d8e-a77b3fc7562a/element/00000000-0000-004d-ffff-ffff00000150/click &amp#27;[39m&amp#27;[32m200&amp#27;[39m &amp#27;[90m81 ms - 14&amp#27;[39m
&amp#27;[38;5;0m[HTTP]&amp#27;[0m &amp#27;[90m&amp#27;[39m
&amp#27;[38;5;0m[HTTP]&amp#27;[0m &amp#27;[37m-->&amp#27;[39m &amp#27;[37mPOST&amp#27;[39m &amp#27;[37m/session/72164045-70fb-4e06-8d8e-a77b3fc7562a/elements&amp#27;[39m
&amp#27;[38;5;0m[HTTP]&amp#27;[0m &amp#27;[90m{"using":"id","value":"product_item_image"}&amp#27;[39m
[debug] &amp#27;[38;5;32m[AndroidUiautomator2Driver@f9e0 (72164045)]&amp#27;[0m Calling AppiumDriver.findElements() with args: ["id","product_item_image","72164045-70fb-4e06-8d8e-a77b3fc7562a"]
[debug] &amp#27;[38;5;32m[AndroidUiautomator2Driver@f9e0 (72164045)]&amp#27;[0m Valid locator strategies for this request: xpath, id, class name, accessibility id, css selector, -android uiautomator
[debug] &amp#27;[38;5;32m[AndroidUiautomator2Driver@f9e0 (72164045)]&amp#27;[0m Waiting up to 10000 ms for condition
[debug] &amp#27;[38;5;32m[AndroidUiautomator2Driver@f9e0 (72164045)]&amp#27;[0m Matched '/elements' to command name 'findElements'
[debug] &amp#27;[38;5;32m[AndroidUiautomator2Driver@f9e0 (72164045)]&amp#27;[0m Proxying [POST /elements] to [POST http://127.0.0.1:8200/session/94089c29-b581-4727-a3fe-3995014e55a6/elements] with body: {"strategy":"id","selector":"product_item_image","context":"","multiple":true}
[debug] &amp#27;[38;5;32m[AndroidUiautomator2Driver@f9e0 (72164045)]&amp#27;[0m Got response with status 200: {"sessionId":"94089c29-b581-4727-a3fe-3995014e55a6","value":[]}
[debug] &amp#27;[38;5;32m[AndroidUiautomator2Driver@f9e0 (72164045)]&amp#27;[0m Waited for 644 ms so far
[debug] &amp#27;[38;5;32m[AndroidUiautomator2Driver@f9e0 (72164045)]&amp#27;[0m Matched '/elements' to command name 'findElements'
[debug] &amp#27;[38;5;32m[AndroidUiautomator2Driver@f9e0 (72164045)]&amp#27;[0m Proxying [POST /elements] to [POST http://127.0.0.1:8200/session/94089c29-b581-4727-a3fe-3995014e55a6/elements] with body: {"strategy":"id","selector":"product_item_image","context":"","multiple":true}
[debug] &amp#27;[38;5;32m[AndroidUiautomator2Driver@f9e0 (72164045)]&amp#27;[0m Got response with status 200: {"sessionId":"94089c29-b581-4727-a3fe-3995014e55a6","value":[{"ELEMENT":"00000000-0000-004d-ffff-ffff00000208","element-6066-11e4-a52e-4f735466cecf":"00000000-0000-004d-ffff-ffff00000208"},{"ELEMENT":"00000000-0000-004d-ffff-ffff0000022d","element-6066-11e4-a52e-4f735466cecf":"00000000-0000-004d-ffff-ffff0000022d"},{"ELEMENT":"00000000-0000-004d-ffff-ffff00000252","element-6066-11e4-a52e-4f735466cecf":"00000000-0000-004d-ffff-ffff00000252"},{"ELEMENT":"00000000-0000-004d-ffff-ffff00000277","element-6066-11e4-a52e-4f735466cecf":"00000000-0000-004d-ffff-ffff00000277"}]}
[debug] &amp#27;[38;5;32m[AndroidUiautomator2Driver@f9e0 (72164045)]&amp#27;[0m Responding to client with driver.findElements() result: [{"element-6066-11e4-a52e-4f735466cecf":"00000000-0000-004d-ffff-ffff00000208","ELEMENT":"00000000-0000-004d-ffff-ffff00000208"},{"element-6066-11e4-a52e-4f735466cecf":"00000000-0000-004d-ffff-ffff0000022d","ELEMENT":"00000000-0000-004d-ffff-ffff0000022d"},{"element-6066-11e4-a52e-4f735466cecf":"00000000-0000-004d-ffff-ffff00000252","ELEMENT":"00000000-0000-004d-ffff-ffff00000252"},{"element-6066-11e4-a52e-4f735466cecf":"00000000-0000-004d-ffff-ffff00000277","ELEMENT":"00000000-0000-004d-ffff-ffff00000277"}]
&amp#27;[38;5;0m[HTTP]&amp#27;[0m &amp#27;[37m<-- POST /session/72164045-70fb-4e06-8d8e-a77b3fc7562a/elements &amp#27;[39m&amp#27;[32m200&amp#27;[39m &amp#27;[90m2796 ms - 523&amp#27;[39m
&amp#27;[38;5;0m[HTTP]&amp#27;[0m &amp#27;[90m&amp#27;[39m
&amp#27;[38;5;0m[HTTP]&amp#27;[0m &amp#27;[37m-->&amp#27;[39m &amp#27;[37mPOST&amp#27;[39m &amp#27;[37m/session/72164045-70fb-4e06-8d8e-a77b3fc7562a/element/00000000-0000-004d-ffff-ffff00000208/click&amp#27;[39m
&amp#27;[38;5;0m[HTTP]&amp#27;[0m &amp#27;[90m{"id":"00000000-0000-004d-ffff-ffff00000208"}&amp#27;[39m
[debug] &amp#27;[38;5;32m[AndroidUiautomator2Driver@f9e0 (72164045)]&amp#27;[0m Calling AppiumDriver.click() with args: ["00000000-0000-004d-ffff-ffff00000208","72164045-70fb-4e06-8d8e-a77b3fc7562a"]
[debug] &amp#27;[38;5;32m[AndroidUiautomator2Driver@f9e0 (72164045)]&amp#27;[0m Matched '/element/00000000-0000-004d-ffff-ffff00000208/click' to command name 'click'
[debug] &amp#27;[38;5;32m[AndroidUiautomator2Driver@f9e0 (72164045)]&amp#27;[0m Proxying [POST /element/00000000-0000-004d-ffff-ffff00000208/click] to [POST http://127.0.0.1:8200/session/94089c29-b581-4727-a3fe-3995014e55a6/element/00000000-0000-004d-ffff-ffff00000208/click] with body: {"element":"00000000-0000-004d-ffff-ffff00000208"}
[debug] &amp#27;[38;5;32m[AndroidUiautomator2Driver@f9e0 (72164045)]&amp#27;[0m Got response with status 200: {"sessionId":"94089c29-b581-4727-a3fe-3995014e55a6","value":null}
[debug] &amp#27;[38;5;32m[AndroidUiautomator2Driver@f9e0 (72164045)]&amp#27;[0m Responding to client with driver.click() result: null
&amp#27;[38;5;0m[HTTP]&amp#27;[0m &amp#27;[37m<-- POST /session/72164045-70fb-4e06-8d8e-a77b3fc7562a/element/00000000-0000-004d-ffff-ffff00000208/click &amp#27;[39m&amp#27;[32m200&amp#27;[39m &amp#27;[90m380 ms - 14&amp#27;[39m
&amp#27;[38;5;0m[HTTP]&amp#27;[0m &amp#27;[90m&amp#27;[39m
&amp#27;[38;5;0m[HTTP]&amp#27;[0m &amp#27;[37m-->&amp#27;[39m &amp#27;[37mDELETE&amp#27;[39m &amp#27;[37m/session/72164045-70fb-4e06-8d8e-a77b3fc7562a&amp#27;[39m
&amp#27;[38;5;0m[HTTP]&amp#27;[0m &amp#27;[90m{}&amp#27;[39m
[debug] &amp#27;[38;5;32m[AndroidUiautomator2Driver@f9e0 (72164045)]&amp#27;[0m Calling AppiumDriver.deleteSession() with args: ["72164045-70fb-4e06-8d8e-a77b3fc7562a"]
[debug] &amp#27;[38;5;16m[AppiumDriver@93cf]&amp#27;[0m Event 'quitSessionRequested' logged at 1694882647710 (22:14:07 GMT+0530 (India Standard Time))
&amp#27;[38;5;16m[AppiumDriver@93cf]&amp#27;[0m Removing session 72164045-70fb-4e06-8d8e-a77b3fc7562a from our master session list
[debug] &amp#27;[38;5;32m[AndroidUiautomator2Driver@f9e0 (72164045)]&amp#27;[0m Deleting UiAutomator2 session
[debug] &amp#27;[38;5;32m[AndroidUiautomator2Driver@f9e0 (72164045)]&amp#27;[0m Deleting UiAutomator2 server session
[debug] &amp#27;[38;5;32m[AndroidUiautomator2Driver@f9e0 (72164045)]&amp#27;[0m Matched '/' to command name 'deleteSession'
[debug] &amp#27;[38;5;32m[AndroidUiautomator2Driver@f9e0 (72164045)]&amp#27;[0m Proxying [DELETE /] to [DELETE http://127.0.0.1:8200/session/94089c29-b581-4727-a3fe-3995014e55a6] with no body
[debug] &amp#27;[38;5;32m[AndroidUiautomator2Driver@f9e0 (72164045)]&amp#27;[0m Got response with status 200: {"sessionId":"94089c29-b581-4727-a3fe-3995014e55a6","value":null}
[debug] &amp#27;[38;5;64m[ADB]&amp#27;[0m Running 'C:\Users\TARANG\AppData\Local\Android\Sdk\platform-tools\adb.exe -P 5037 -s emulator-5554 shell dumpsys activity services io.appium.settings/.recorder.RecorderService'
[debug] &amp#27;[38;5;64m[ADB]&amp#27;[0m Running 'C:\Users\TARANG\AppData\Local\Android\Sdk\platform-tools\adb.exe -P 5037 -s emulator-5554 shell am force-stop com.theluxurycloset.tclapplication'
[debug] &amp#27;[38;5;112m[Instrumentation]&amp#27;[0m .
[debug] &amp#27;[38;5;112m[Instrumentation]&amp#27;[0m Time: 45.149
[debug] &amp#27;[38;5;112m[Instrumentation]&amp#27;[0m 
[debug] &amp#27;[38;5;112m[Instrumentation]&amp#27;[0m OK (1 test)
[debug] &amp#27;[38;5;96m[Logcat]&amp#27;[0m Stopping logcat capture
[debug] &amp#27;[38;5;64m[ADB]&amp#27;[0m Removing forwarded port socket connection: 8200 
[debug] &amp#27;[38;5;64m[ADB]&amp#27;[0m Running 'C:\Users\TARANG\AppData\Local\Android\Sdk\platform-tools\adb.exe -P 5037 -s emulator-5554 forward --remove tcp:8200'
[debug] &amp#27;[38;5;112m[Instrumentation]&amp#27;[0m The process has exited with code 0
&amp#27;[38;5;32m[AndroidUiautomator2Driver@f9e0 (72164045)]&amp#27;[0m Restoring hidden api policy to the device default configuration
[debug] &amp#27;[38;5;64m[ADB]&amp#27;[0m Running 'C:\Users\TARANG\AppData\Local\Android\Sdk\platform-tools\adb.exe -P 5037 -s emulator-5554 shell 'settings delete global hidden_api_policy_pre_p_apps;settings delete global hidden_api_policy_p_apps;settings delete global hidden_api_policy''
[debug] &amp#27;[38;5;16m[AppiumDriver@93cf]&amp#27;[0m Event 'quitSessionFinished' logged at 1694882648555 (22:14:08 GMT+0530 (India Standard Time))
[debug] &amp#27;[38;5;16m[AppiumDriver@93cf]&amp#27;[0m Received response: null
[debug] &amp#27;[38;5;16m[AppiumDriver@93cf]&amp#27;[0m But deleting session, so not returning
[debug] &amp#27;[38;5;16m[AppiumDriver@93cf]&amp#27;[0m Responding to client with driver.deleteSession() result: null
&amp#27;[38;5;0m[HTTP]&amp#27;[0m &amp#27;[37m<-- DELETE /session/72164045-70fb-4e06-8d8e-a77b3fc7562a &amp#27;[39m&amp#27;[32m200&amp#27;[39m &amp#27;[90m849 ms - 14&amp#27;[39m
&amp#27;[38;5;0m[HTTP]&amp#27;[0m &amp#27;[90m&amp#27;[39m
]]></system-out>
    <system-err><![CDATA[SLF4J: No SLF4J providers were found.
SLF4J: Defaulting to no-operation (NOP) logger implementation
SLF4J: See https://www.slf4j.org/codes.html#noProviders for further details.
]]></system-err>
  </testcase>
</testsuite>