<?xml version="1.0" encoding="UTF-8"?>
<testng-results ignored="0" total="1" passed="1" failed="0" skipped="0">
  <reporter-output>
  </reporter-output>
  <suite started-at="2023-09-25T20:29:13 IST" name="Suite" finished-at="2023-09-25T20:30:21 IST" duration-ms="67181">
    <groups>
    </groups>
    <test started-at="2023-09-25T20:29:13 IST" name="Checkout Test" finished-at="2023-09-25T20:30:21 IST" duration-ms="67181">
      <class name="TLCAndroid.AppiumApp">
        <test-method is-config="true" signature="ConfigureAppium()[pri:0, instance:TLCAndroid.AppiumApp@5ba3f27a]" started-at="2023-09-25T20:29:13 IST" name="ConfigureAppium" finished-at="2023-09-25T20:29:49 IST" duration-ms="35895" status="PASS">
          <reporter-output>
          </reporter-output>
        </test-method> <!-- ConfigureAppium -->
        <test-method signature="AppiumTest()[pri:0, instance:TLCAndroid.AppiumApp@5ba3f27a]" started-at="2023-09-25T20:29:49 IST" name="AppiumTest" finished-at="2023-09-25T20:30:21 IST" duration-ms="31175" status="PASS">
          <reporter-output>
          </reporter-output>
        </test-method> <!-- AppiumTest -->
        <test-method is-config="true" signature="tearDown()[pri:0, instance:TLCAndroid.AppiumApp@5ba3f27a]" started-at="2023-09-25T20:30:21 IST" name="tearDown" finished-at="2023-09-25T20:30:21 IST" duration-ms="57" status="PASS">
          <reporter-output>
          </reporter-output>
        </test-method> <!-- tearDown -->
      </class> <!-- TLCAndroid.AppiumApp -->
    </test> <!-- Checkout Test -->
  </suite> <!-- Suite -->
</testng-results>
