<?xml version="1.0" encoding="UTF-8"?>
<testng-results ignored="0" total="1" passed="1" failed="0" skipped="0">
  <reporter-output>
  </reporter-output>
  <suite started-at="2023-09-16T22:11:12 IST" name="Default suite" finished-at="2023-09-16T22:12:34 IST" duration-ms="82199">
    <groups>
    </groups>
    <test started-at="2023-09-16T22:11:12 IST" name="Default test" finished-at="2023-09-16T22:12:34 IST" duration-ms="82199">
      <class name="TLCAndroid.AppiumApp">
        <test-method is-config="true" signature="ConfigureAppium()[pri:0, instance:TLCAndroid.AppiumApp@5ba3f27a]" started-at="2023-09-16T22:11:12 IST" name="ConfigureAppium" finished-at="2023-09-16T22:12:02 IST" duration-ms="49768" status="PASS">
          <reporter-output>
          </reporter-output>
        </test-method> <!-- ConfigureAppium -->
        <test-method signature="AppiumTest()[pri:0, instance:TLCAndroid.AppiumApp@5ba3f27a]" started-at="2023-09-16T22:12:02 IST" name="AppiumTest" finished-at="2023-09-16T22:12:34 IST" duration-ms="32327" status="PASS">
          <reporter-output>
          </reporter-output>
        </test-method> <!-- AppiumTest -->
        <test-method is-config="true" signature="tearDown()[pri:0, instance:TLCAndroid.AppiumApp@5ba3f27a]" started-at="2023-09-16T22:12:34 IST" name="tearDown" finished-at="2023-09-16T22:12:34 IST" duration-ms="62" status="PASS">
          <reporter-output>
          </reporter-output>
        </test-method> <!-- tearDown -->
      </class> <!-- TLCAndroid.AppiumApp -->
    </test> <!-- Default test -->
  </suite> <!-- Default suite -->
</testng-results>
